Log file open, 01/27/22 11:47:58
LogWindows: Failed to load 'aqProf.dll' (GetLastError=126)
LogWindows: File 'aqProf.dll' does not exist
LogWindows: Failed to load 'VtuneApi.dll' (GetLastError=126)
LogWindows: File 'VtuneApi.dll' does not exist
LogWindows: Failed to load 'VtuneApi32e.dll' (GetLastError=126)
LogWindows: File 'VtuneApi32e.dll' does not exist
LogConsoleResponse: Display: Failed to find resolution value strings in scalability ini. Falling back to default.
LogConsoleResponse: Display: Failed to find resolution value strings in scalability ini. Falling back to default.
LogInit: Display: Running engine for game: Zazel_bomberman
LogPlatformFile: Not using cached read wrapper
LogTaskGraph: Started task graph with 5 named threads and 47 total threads with 3 sets of task threads.
LogStats: Stats thread started at 15.661491
LogICUInternationalization: ICU TimeZone Detection - Raw Offset: +1:00, Platform Override: ''
LogInit: Display: Loading text-based GConfig....
LogPluginManager: Mounting plugin MeshPainting
LogPluginManager: Mounting plugin XGEController
LogPluginManager: Mounting plugin Paper2D
LogPluginManager: Mounting plugin AISupport
LogPluginManager: Mounting plugin EnvironmentQueryEditor
LogPluginManager: Mounting plugin LightPropagationVolume
LogPluginManager: Mounting plugin CameraShakePreviewer
LogPluginManager: Mounting plugin GameplayCameras
LogPluginManager: Mounting plugin OodleNetwork
LogPluginManager: Mounting plugin OodleData
LogPluginManager: Mounting plugin AssetManagerEditor
LogPluginManager: Mounting plugin CryptoKeys
LogPluginManager: Mounting plugin CurveEditorTools
LogPluginManager: Mounting plugin DataValidation
LogPluginManager: Mounting plugin FacialAnimation
LogPluginManager: Mounting plugin GameplayTagsEditor
LogPluginManager: Mounting plugin GeometryMode
LogPluginManager: Mounting plugin MacGraphicsSwitching
LogPluginManager: Mounting plugin DatasmithContent
LogPluginManager: Mounting plugin MaterialAnalyzer
LogPluginManager: Mounting plugin MobileLauncherProfileWizard
LogPluginManager: Mounting plugin SpeedTreeImporter
LogPluginManager: Mounting plugin AlembicImporter
LogPluginManager: Mounting plugin VariantManagerContent
LogPluginManager: Mounting plugin AutomationUtils
LogPluginManager: Mounting plugin BackChannel
LogPluginManager: Mounting plugin ChaosCloth
LogPluginManager: Mounting plugin ChaosClothEditor
LogPluginManager: Mounting plugin ChaosEditor
LogPluginManager: Mounting plugin ChaosSolverPlugin
LogPluginManager: Mounting plugin CharacterAI
LogPluginManager: Mounting plugin GeometryCache
LogPluginManager: Mounting plugin GeometryProcessing
LogPluginManager: Mounting plugin OpenImageDenoise
LogPluginManager: Mounting plugin PlanarCut
LogPluginManager: Mounting plugin PlatformCrypto
LogPluginManager: Mounting plugin ProxyLODPlugin
LogPluginManager: Mounting plugin SkeletalReduction
LogPluginManager: Mounting plugin Niagara
LogPluginManager: Mounting plugin PythonScriptPlugin
LogPluginManager: Mounting plugin MotoSynth
LogPluginManager: Mounting plugin AndroidMedia
LogPluginManager: Mounting plugin AvfMedia
LogPluginManager: Mounting plugin ImgMedia
LogPluginManager: Mounting plugin MediaCompositing
LogPluginManager: Mounting plugin MediaPlayerEditor
LogPluginManager: Mounting plugin WebMMedia
LogPluginManager: Mounting plugin WmfMedia
LogPluginManager: Mounting plugin TcpMessaging
LogPluginManager: Mounting plugin UdpMessaging
LogPluginManager: Mounting plugin LauncherChunkInstaller
LogPluginManager: Mounting plugin ActorLayerUtilities
LogPluginManager: Mounting plugin AndroidDeviceProfileSelector
LogPluginManager: Mounting plugin AndroidMoviePlayer
LogPluginManager: Mounting plugin AndroidPermission
LogPluginManager: Mounting plugin ApexDestruction
LogPluginManager: Mounting plugin AppleImageUtils
LogPluginManager: Mounting plugin AppleMoviePlayer
LogPluginManager: Mounting plugin ChaosNiagara
LogPluginManager: Mounting plugin PluginBrowser
LogPluginManager: Mounting plugin ArchVisCharacter
LogPluginManager: Mounting plugin AssetTags
LogPluginManager: Mounting plugin AudioCapture
LogPluginManager: Mounting plugin AudioSynesthesia
LogPluginManager: Mounting plugin CableComponent
LogPluginManager: Mounting plugin GeometryCollectionPlugin
LogPluginManager: Mounting plugin ChunkDownloader
LogPluginManager: Mounting plugin CustomMeshComponent
LogPluginManager: Mounting plugin EditableMesh
LogPluginManager: Mounting plugin ExampleDeviceProfileSelector
LogPluginManager: Mounting plugin GoogleCloudMessaging
LogPluginManager: Mounting plugin GooglePAD
LogPluginManager: Mounting plugin IOSDeviceProfileSelector
LogPluginManager: Mounting plugin LinuxDeviceProfileSelector
LogPluginManager: Mounting plugin LocationServicesBPLibrary
LogPluginManager: Mounting plugin MobilePatchingUtils
LogPluginManager: Mounting plugin PhysXVehicles
LogPluginManager: Mounting plugin PostSplashScreen
LogPluginManager: Mounting plugin PropertyAccessEditor
LogPluginManager: Mounting plugin ProceduralMeshComponent
LogPluginManager: Mounting plugin RuntimePhysXCooking
LogPluginManager: Mounting plugin SignificanceManager
LogPluginManager: Mounting plugin SoundFields
LogPluginManager: Mounting plugin WebMMoviePlayer
LogPluginManager: Mounting plugin Synthesis
LogPluginManager: Mounting plugin WindowsMoviePlayer
LogPluginManager: Mounting plugin AnimationSharing
LogPluginManager: Mounting plugin CLionSourceCodeAccess
LogPluginManager: Mounting plugin CodeLiteSourceCodeAccess
LogPluginManager: Mounting plugin GitSourceControl
LogPluginManager: Mounting plugin KDevelopSourceCodeAccess
LogPluginManager: Mounting plugin NullSourceCodeAccess
LogPluginManager: Mounting plugin PerforceSourceControl
LogPluginManager: Mounting plugin PixWinPlugin
LogPluginManager: Mounting plugin PlasticSourceControl
LogPluginManager: Mounting plugin PluginUtils
LogPluginManager: Mounting plugin RiderSourceCodeAccess
LogPluginManager: Mounting plugin PropertyAccessNode
LogPluginManager: Mounting plugin SubversionSourceControl
LogPluginManager: Mounting plugin TextureFormatOodle
LogPluginManager: Mounting plugin UObjectPlugin
LogPluginManager: Mounting plugin VisualStudioCodeSourceCodeAccess
LogPluginManager: Mounting plugin VisualStudioSourceCodeAccess
LogPluginManager: Mounting plugin XCodeSourceCodeAccess
LogPluginManager: Mounting plugin ScreenshotTools
LogPluginManager: Mounting plugin OnlineSubsystem
LogPluginManager: Mounting plugin ActorSequence
LogPluginManager: Mounting plugin OnlineSubsystemNull
LogPluginManager: Mounting plugin LevelSequenceEditor
LogPluginManager: Mounting plugin OnlineSubsystemUtils
LogPluginManager: Mounting plugin MatineeToLevelSequence
LogPluginManager: Mounting plugin TemplateSequence
LogPluginManager: Mounting plugin ContentBrowserAssetDataSource
LogPluginManager: Mounting plugin ContentBrowserClassDataSource
LogPluginManager: Mounting plugin ContentBrowserFileDataSource
LogPluginManager: Mounting plugin OnlineSubsystemGooglePlay
LogPluginManager: Mounting plugin OnlineSubsystemIOS
PixWinPlugin: PIX capture plugin failed to initialize! Check that the process is launched from PIX.
LogInit: Using libcurl 7.55.1-DEV
LogInit:  - built for x86_64-pc-win32
LogInit:  - supports SSL with OpenSSL/1.1.1
LogInit:  - supports HTTP deflate (compression) using libz 1.2.8
LogInit:  - other features:
LogInit:      CURL_VERSION_SSL
LogInit:      CURL_VERSION_LIBZ
LogInit:      CURL_VERSION_IPV6
LogInit:      CURL_VERSION_ASYNCHDNS
LogInit:      CURL_VERSION_LARGEFILE
LogInit:      CURL_VERSION_IDN
LogInit:  CurlRequestOptions (configurable via config and command line):
LogInit:  - bVerifyPeer = true  - Libcurl will verify peer certificate
LogInit:  - bUseHttpProxy = false  - Libcurl will NOT use HTTP proxy
LogInit:  - bDontReuseConnections = false  - Libcurl will reuse connections
LogInit:  - MaxHostConnections = 16  - Libcurl will limit the number of connections to a host
LogInit:  - LocalHostAddr = Default
LogInit:  - BufferSize = 65536
LogOnline: OSS: Creating online subsystem instance for: NULL
LogInit: WinSock: version 1.1 (2.2), MaxSocks=32767, MaxUdp=65467
LogOnline: OSS: TryLoadSubsystemAndSetDefault: Loaded subsystem for module [NULL]
LogInit: Build: ++UE4+Release-4.27-CL-17735300
LogInit: Engine Version: 4.27.1-17735300+++UE4+Release-4.27
LogInit: Compatible Engine Version: 4.27.0-17155196+++UE4+Release-4.27
LogInit: Net CL: 17155196
LogInit: OS: Windows 10 (Release 2009) (), CPU: Intel(R) Core(TM) i9-9900K CPU @ 3.60GHz, GPU: NVIDIA GeForce RTX 2080 Ti
LogInit: Compiled (64-bit): Oct  6 2021 14:42:51
LogInit: Compiled with Visual C++: 19.24.28315.00
LogInit: Build Configuration: Development
LogInit: Branch Name: ++UE4+Release-4.27
LogInit: Command Line: 
LogInit: Base Directory: D:/unrealEngine/UE_4.27/Engine/Binaries/Win64/
LogInit: Allocator: TBB
LogInit: Installed Engine Build: 1
LogDevObjectVersion: Number of dev versions registered: 29
LogDevObjectVersion:   Dev-Blueprints (B0D832E4-1F89-4F0D-ACCF-7EB736FD4AA2): 10
LogDevObjectVersion:   Dev-Build (E1C64328-A22C-4D53-A36C-8E866417BD8C): 0
LogDevObjectVersion:   Dev-Core (375EC13C-06E4-48FB-B500-84F0262A717E): 4
LogDevObjectVersion:   Dev-Editor (E4B068ED-F494-42E9-A231-DA0B2E46BB41): 40
LogDevObjectVersion:   Dev-Framework (CFFC743F-43B0-4480-9391-14DF171D2073): 37
LogDevObjectVersion:   Dev-Mobile (B02B49B5-BB20-44E9-A304-32B752E40360): 3
LogDevObjectVersion:   Dev-Networking (A4E4105C-59A1-49B5-A7C5-40C4547EDFEE): 0
LogDevObjectVersion:   Dev-Online (39C831C9-5AE6-47DC-9A44-9C173E1C8E7C): 0
LogDevObjectVersion:   Dev-Physics (78F01B33-EBEA-4F98-B9B4-84EACCB95AA2): 14
LogDevObjectVersion:   Dev-Platform (6631380F-2D4D-43E0-8009-CF276956A95A): 0
LogDevObjectVersion:   Dev-Rendering (12F88B9F-8875-4AFC-A67C-D90C383ABD29): 45
LogDevObjectVersion:   Dev-Sequencer (7B5AE74C-D270-4C10-A958-57980B212A5A): 13
LogDevObjectVersion:   Dev-VR (D7296918-1DD6-4BDD-9DE2-64A83CC13884): 3
LogDevObjectVersion:   Dev-LoadTimes (C2A15278-BFE7-4AFE-6C17-90FF531DF755): 1
LogDevObjectVersion:   Private-Geometry (6EACA3D4-40EC-4CC1-B786-8BED09428FC5): 3
LogDevObjectVersion:   Dev-AnimPhys (29E575DD-E0A3-4627-9D10-D276232CDCEA): 17
LogDevObjectVersion:   Dev-Anim (AF43A65D-7FD3-4947-9873-3E8ED9C1BB05): 15
LogDevObjectVersion:   Dev-ReflectionCapture (6B266CEC-1EC7-4B8F-A30B-E4D90942FC07): 1
LogDevObjectVersion:   Dev-Automation (0DF73D61-A23F-47EA-B727-89E90C41499A): 1
LogDevObjectVersion:   FortniteMain (601D1886-AC64-4F84-AA16-D3DE0DEAC7D6): 47
LogDevObjectVersion:   FortniteRelease (E7086368-6B23-4C58-8439-1B7016265E91): 1
LogDevObjectVersion:   Dev-Enterprise (9DFFBCD6-494F-0158-E221-12823C92A888): 10
LogDevObjectVersion:   Dev-Niagara (F2AED0AC-9AFE-416F-8664-AA7FFA26D6FC): 1
LogDevObjectVersion:   Dev-Destruction (174F1F0B-B4C6-45A5-B13F-2EE8D0FB917D): 10
LogDevObjectVersion:   Dev-Physics-Ext (35F94A83-E258-406C-A318-09F59610247C): 41
LogDevObjectVersion:   Dev-PhysicsMaterial-Chaos (B68FC16E-8B1B-42E2-B453-215C058844FE): 1
LogDevObjectVersion:   Dev-CineCamera (B2E18506-4273-CFC2-A54E-F4BB758BBA07): 1
LogDevObjectVersion:   Dev-VirtualProduction (64F58936-FD1B-42BA-BA96-7289D5D0FA4E): 1
LogDevObjectVersion:   Dev-MediaFramework (6F0ED827-A609-4895-9C91-998D90180EA4): 2
LogInit: Presizing for max 25165824 objects, including 0 objects not considered by GC, pre-allocating 0 bytes for permanent pool.
LogConfig: Applying CVar settings from Section [/Script/Engine.StreamingSettings] File [G:/UNREAL_project/StreamCertifUnreal/Zazel_bomberman/Saved/Config/Windows/Engine.ini]
LogConfig: Setting CVar [[s.MinBulkDataSizeForAsyncLoading:131072]]
LogConfig: Setting CVar [[s.AsyncLoadingThreadEnabled:0]]
LogConfig: Setting CVar [[s.EventDrivenLoaderEnabled:1]]
LogConfig: Setting CVar [[s.WarnIfTimeLimitExceeded:0]]
LogConfig: Setting CVar [[s.TimeLimitExceededMultiplier:1.5]]
LogConfig: Setting CVar [[s.TimeLimitExceededMinTime:0.005]]
LogConfig: Setting CVar [[s.UseBackgroundLevelStreaming:1]]
LogConfig: Setting CVar [[s.PriorityAsyncLoadingExtraTime:15.0]]
LogConfig: Setting CVar [[s.LevelStreamingActorsUpdateTimeLimit:5.0]]
LogConfig: Setting CVar [[s.PriorityLevelStreamingActorsUpdateExtraTime:5.0]]
LogConfig: Setting CVar [[s.LevelStreamingComponentsRegistrationGranularity:10]]
LogConfig: Setting CVar [[s.UnregisterComponentsTimeLimit:1.0]]
LogConfig: Setting CVar [[s.LevelStreamingComponentsUnregistrationGranularity:5]]
LogConfig: Setting CVar [[s.FlushStreamingOnExit:1]]
LogInit: Object subsystem initialized
LogConfig: Setting CVar [[con.DebugEarlyDefault:1]]
LogConfig: Setting CVar [[r.setres:1280x720]]
[2022.01.27-10.48.03:965][  0]LogConfig: Setting CVar [[r.VSync:0]]
[2022.01.27-10.48.03:965][  0]LogConfig: Setting CVar [[r.RHICmdBypass:0]]
[2022.01.27-10.48.03:965][  0]LogConfig: Applying CVar settings from Section [/Script/Engine.RendererSettings] File [G:/UNREAL_project/StreamCertifUnreal/Zazel_bomberman/Saved/Config/Windows/Engine.ini]
[2022.01.27-10.48.03:965][  0]LogConfig: Setting CVar [[r.GPUCrashDebugging:0]]
[2022.01.27-10.48.03:965][  0]LogConfig: Setting CVar [[r.AllowStaticLighting:0]]
[2022.01.27-10.48.03:965][  0]LogConfig: Setting CVar [[r.DefaultFeature.AutoExposure:0]]
[2022.01.27-10.48.03:965][  0]LogConfig: Setting CVar [[r.GenerateMeshDistanceFields:1]]
[2022.01.27-10.48.03:965][  0]LogConfig: Applying CVar settings from Section [/Script/Engine.RendererOverrideSettings] File [G:/UNREAL_project/StreamCertifUnreal/Zazel_bomberman/Saved/Config/Windows/Engine.ini]
[2022.01.27-10.48.03:965][  0]LogConfig: Applying CVar settings from Section [/Script/Engine.StreamingSettings] File [G:/UNREAL_project/StreamCertifUnreal/Zazel_bomberman/Saved/Config/Windows/Engine.ini]
[2022.01.27-10.48.03:965][  0]LogConfig: Setting CVar [[s.MinBulkDataSizeForAsyncLoading:131072]]
[2022.01.27-10.48.03:965][  0]LogConfig: Setting CVar [[s.AsyncLoadingThreadEnabled:0]]
[2022.01.27-10.48.03:965][  0]LogConfig: Setting CVar [[s.EventDrivenLoaderEnabled:1]]
[2022.01.27-10.48.03:965][  0]LogConfig: Setting CVar [[s.WarnIfTimeLimitExceeded:0]]
[2022.01.27-10.48.03:965][  0]LogConfig: Setting CVar [[s.TimeLimitExceededMultiplier:1.5]]
[2022.01.27-10.48.03:965][  0]LogConfig: Setting CVar [[s.TimeLimitExceededMinTime:0.005]]
[2022.01.27-10.48.03:965][  0]LogConfig: Setting CVar [[s.UseBackgroundLevelStreaming:1]]
[2022.01.27-10.48.03:965][  0]LogConfig: Setting CVar [[s.PriorityAsyncLoadingExtraTime:15.0]]
[2022.01.27-10.48.03:965][  0]LogConfig: Setting CVar [[s.LevelStreamingActorsUpdateTimeLimit:5.0]]
[2022.01.27-10.48.03:965][  0]LogConfig: Setting CVar [[s.PriorityLevelStreamingActorsUpdateExtraTime:5.0]]
[2022.01.27-10.48.03:965][  0]LogConfig: Setting CVar [[s.LevelStreamingComponentsRegistrationGranularity:10]]
[2022.01.27-10.48.03:965][  0]LogConfig: Setting CVar [[s.UnregisterComponentsTimeLimit:1.0]]
[2022.01.27-10.48.03:965][  0]LogConfig: Setting CVar [[s.LevelStreamingComponentsUnregistrationGranularity:5]]
[2022.01.27-10.48.03:965][  0]LogConfig: Setting CVar [[s.FlushStreamingOnExit:1]]
[2022.01.27-10.48.03:965][  0]LogConfig: Applying CVar settings from Section [/Script/Engine.GarbageCollectionSettings] File [G:/UNREAL_project/StreamCertifUnreal/Zazel_bomberman/Saved/Config/Windows/Engine.ini]
[2022.01.27-10.48.03:965][  0]LogConfig: Setting CVar [[gc.MaxObjectsNotConsideredByGC:1]]
[2022.01.27-10.48.03:965][  0]LogConfig: Setting CVar [[gc.SizeOfPermanentObjectPool:0]]
[2022.01.27-10.48.03:965][  0]LogConfig: Setting CVar [[gc.FlushStreamingOnGC:0]]
[2022.01.27-10.48.03:965][  0]LogConfig: Setting CVar [[gc.NumRetriesBeforeForcingGC:10]]
[2022.01.27-10.48.03:965][  0]LogConfig: Setting CVar [[gc.AllowParallelGC:1]]
[2022.01.27-10.48.03:965][  0]LogConfig: Setting CVar [[gc.TimeBetweenPurgingPendingKillObjects:61.1]]
[2022.01.27-10.48.03:965][  0]LogConfig: Setting CVar [[gc.MaxObjectsInEditor:25165824]]
[2022.01.27-10.48.03:965][  0]LogConfig: Setting CVar [[gc.IncrementalBeginDestroyEnabled:1]]
[2022.01.27-10.48.03:965][  0]LogConfig: Setting CVar [[gc.CreateGCClusters:1]]
[2022.01.27-10.48.03:965][  0]LogConfig: Setting CVar [[gc.MinGCClusterSize:5]]
[2022.01.27-10.48.03:966][  0]LogConfig: Setting CVar [[gc.ActorClusteringEnabled:0]]
[2022.01.27-10.48.03:966][  0]LogConfig: Setting CVar [[gc.BlueprintClusteringEnabled:0]]
[2022.01.27-10.48.03:966][  0]LogConfig: Setting CVar [[gc.UseDisregardForGCOnDedicatedServers:0]]
[2022.01.27-10.48.03:966][  0]LogConfig: Setting CVar [[gc.MultithreadedDestructionEnabled:1]]
[2022.01.27-10.48.03:966][  0]LogConfig: Applying CVar settings from Section [/Script/Engine.NetworkSettings] File [G:/UNREAL_project/StreamCertifUnreal/Zazel_bomberman/Saved/Config/Windows/Engine.ini]
[2022.01.27-10.48.03:966][  0]LogConfig: Applying CVar settings from Section [/Script/UnrealEd.CookerSettings] File [G:/UNREAL_project/StreamCertifUnreal/Zazel_bomberman/Saved/Config/Windows/Engine.ini]
[2022.01.27-10.48.04:130][  0]LogConfig: Applying CVar settings from Section [ViewDistanceQuality@3] File [G:/UNREAL_project/StreamCertifUnreal/Zazel_bomberman/Saved/Config/Windows/Scalability.ini]
[2022.01.27-10.48.04:130][  0]LogConfig: Setting CVar [[r.SkeletalMeshLODBias:0]]
[2022.01.27-10.48.04:130][  0]LogConfig: Setting CVar [[r.ViewDistanceScale:1.0]]
[2022.01.27-10.48.04:130][  0]LogConfig: Applying CVar settings from Section [AntiAliasingQuality@3] File [G:/UNREAL_project/StreamCertifUnreal/Zazel_bomberman/Saved/Config/Windows/Scalability.ini]
[2022.01.27-10.48.04:130][  0]LogConfig: Setting CVar [[r.PostProcessAAQuality:4]]
[2022.01.27-10.48.04:130][  0]LogConfig: Applying CVar settings from Section [ShadowQuality@3] File [G:/UNREAL_project/StreamCertifUnreal/Zazel_bomberman/Saved/Config/Windows/Scalability.ini]
[2022.01.27-10.48.04:130][  0]LogConfig: Setting CVar [[r.LightFunctionQuality:1]]
[2022.01.27-10.48.04:130][  0]LogConfig: Setting CVar [[r.ShadowQuality:5]]
[2022.01.27-10.48.04:130][  0]LogConfig: Setting CVar [[r.Shadow.CSM.MaxCascades:10]]
[2022.01.27-10.48.04:130][  0]LogConfig: Setting CVar [[r.Shadow.MaxResolution:2048]]
[2022.01.27-10.48.04:130][  0]LogConfig: Setting CVar [[r.Shadow.MaxCSMResolution:2048]]
[2022.01.27-10.48.04:130][  0]LogConfig: Setting CVar [[r.Shadow.RadiusThreshold:0.01]]
[2022.01.27-10.48.04:130][  0]LogConfig: Setting CVar [[r.Shadow.DistanceScale:1.0]]
[2022.01.27-10.48.04:130][  0]LogConfig: Setting CVar [[r.Shadow.CSM.TransitionScale:1.0]]
[2022.01.27-10.48.04:131][  0]LogConfig: Setting CVar [[r.Shadow.PreShadowResolutionFactor:1.0]]
[2022.01.27-10.48.04:131][  0]LogConfig: Setting CVar [[r.DistanceFieldShadowing:1]]
[2022.01.27-10.48.04:131][  0]LogConfig: Setting CVar [[r.DistanceFieldAO:1]]
[2022.01.27-10.48.04:131][  0]LogConfig: Setting CVar [[r.AOQuality:2]]
[2022.01.27-10.48.04:131][  0]LogConfig: Setting CVar [[r.VolumetricFog:1]]
[2022.01.27-10.48.04:131][  0]LogConfig: Setting CVar [[r.VolumetricFog.GridPixelSize:8]]
[2022.01.27-10.48.04:131][  0]LogConfig: Setting CVar [[r.VolumetricFog.GridSizeZ:128]]
[2022.01.27-10.48.04:131][  0]LogConfig: Setting CVar [[r.VolumetricFog.HistoryMissSupersampleCount:4]]
[2022.01.27-10.48.04:131][  0]LogConfig: Setting CVar [[r.LightMaxDrawDistanceScale:1]]
[2022.01.27-10.48.04:131][  0]LogConfig: Setting CVar [[r.CapsuleShadows:1]]
[2022.01.27-10.48.04:131][  0]LogConfig: Applying CVar settings from Section [PostProcessQuality@3] File [G:/UNREAL_project/StreamCertifUnreal/Zazel_bomberman/Saved/Config/Windows/Scalability.ini]
[2022.01.27-10.48.04:131][  0]LogConfig: Setting CVar [[r.MotionBlurQuality:4]]
[2022.01.27-10.48.04:131][  0]LogConfig: Setting CVar [[r.AmbientOcclusionMipLevelFactor:0.4]]
[2022.01.27-10.48.04:131][  0]LogConfig: Setting CVar [[r.AmbientOcclusionMaxQuality:100]]
[2022.01.27-10.48.04:131][  0]LogConfig: Setting CVar [[r.AmbientOcclusionLevels:-1]]
[2022.01.27-10.48.04:131][  0]LogConfig: Setting CVar [[r.AmbientOcclusionRadiusScale:1.0]]
[2022.01.27-10.48.04:131][  0]LogConfig: Setting CVar [[r.DepthOfFieldQuality:2]]
[2022.01.27-10.48.04:131][  0]LogConfig: Setting CVar [[r.RenderTargetPoolMin:400]]
[2022.01.27-10.48.04:131][  0]LogConfig: Setting CVar [[r.LensFlareQuality:2]]
[2022.01.27-10.48.04:131][  0]LogConfig: Setting CVar [[r.SceneColorFringeQuality:1]]
[2022.01.27-10.48.04:131][  0]LogConfig: Setting CVar [[r.EyeAdaptationQuality:2]]
[2022.01.27-10.48.04:131][  0]LogConfig: Setting CVar [[r.BloomQuality:5]]
[2022.01.27-10.48.04:131][  0]LogConfig: Setting CVar [[r.FastBlurThreshold:100]]
[2022.01.27-10.48.04:131][  0]LogConfig: Setting CVar [[r.Upscale.Quality:3]]
[2022.01.27-10.48.04:131][  0]LogConfig: Setting CVar [[r.Tonemapper.GrainQuantization:1]]
[2022.01.27-10.48.04:131][  0]LogConfig: Setting CVar [[r.LightShaftQuality:1]]
[2022.01.27-10.48.04:131][  0]LogConfig: Setting CVar [[r.Filter.SizeScale:1]]
[2022.01.27-10.48.04:131][  0]LogConfig: Setting CVar [[r.Tonemapper.Quality:5]]
[2022.01.27-10.48.04:131][  0]LogConfig: Setting CVar [[r.DOF.Gather.AccumulatorQuality:1        ; higher gathering accumulator quality]]
[2022.01.27-10.48.04:131][  0]LogConfig: Setting CVar [[r.DOF.Gather.PostfilterMethod:1          ; Median3x3 postfilering method]]
[2022.01.27-10.48.04:131][  0]LogConfig: Setting CVar [[r.DOF.Gather.EnableBokehSettings:0       ; no bokeh simulation when gathering]]
[2022.01.27-10.48.04:131][  0]LogConfig: Setting CVar [[r.DOF.Gather.RingCount:4                 ; medium number of samples when gathering]]
[2022.01.27-10.48.04:131][  0]LogConfig: Setting CVar [[r.DOF.Scatter.ForegroundCompositing:1    ; additive foreground scattering]]
[2022.01.27-10.48.04:131][  0]LogConfig: Setting CVar [[r.DOF.Scatter.BackgroundCompositing:2    ; additive background scattering]]
[2022.01.27-10.48.04:131][  0]LogConfig: Setting CVar [[r.DOF.Scatter.EnableBokehSettings:1      ; bokeh simulation when scattering]]
[2022.01.27-10.48.04:131][  0]LogConfig: Setting CVar [[r.DOF.Scatter.MaxSpriteRatio:0.1         ; only a maximum of 10% of scattered bokeh]]
[2022.01.27-10.48.04:131][  0]LogConfig: Setting CVar [[r.DOF.Recombine.Quality:1                ; cheap slight out of focus]]
[2022.01.27-10.48.04:131][  0]LogConfig: Setting CVar [[r.DOF.Recombine.EnableBokehSettings:0    ; no bokeh simulation on slight out of focus]]
[2022.01.27-10.48.04:131][  0]LogConfig: Setting CVar [[r.DOF.TemporalAAQuality:1                ; more stable temporal accumulation]]
[2022.01.27-10.48.04:131][  0]LogConfig: Setting CVar [[r.DOF.Kernel.MaxForegroundRadius:0.025]]
[2022.01.27-10.48.04:131][  0]LogConfig: Setting CVar [[r.DOF.Kernel.MaxBackgroundRadius:0.025]]
[2022.01.27-10.48.04:131][  0]LogConfig: Applying CVar settings from Section [TextureQuality@3] File [G:/UNREAL_project/StreamCertifUnreal/Zazel_bomberman/Saved/Config/Windows/Scalability.ini]
[2022.01.27-10.48.04:131][  0]LogConfig: Setting CVar [[r.Streaming.MipBias:0]]
[2022.01.27-10.48.04:131][  0]LogConfig: Setting CVar [[r.Streaming.AmortizeCPUToGPUCopy:0]]
[2022.01.27-10.48.04:131][  0]LogConfig: Setting CVar [[r.Streaming.MaxNumTexturesToStreamPerFrame:0]]
[2022.01.27-10.48.04:131][  0]LogConfig: Setting CVar [[r.Streaming.Boost:1]]
[2022.01.27-10.48.04:131][  0]LogConfig: Setting CVar [[r.MaxAnisotropy:8]]
[2022.01.27-10.48.04:131][  0]LogConfig: Setting CVar [[r.VT.MaxAnisotropy:8]]
[2022.01.27-10.48.04:131][  0]LogConfig: Setting CVar [[r.Streaming.LimitPoolSizeToVRAM:0]]
[2022.01.27-10.48.04:131][  0]LogConfig: Setting CVar [[r.Streaming.PoolSize:1000]]
[2022.01.27-10.48.04:131][  0]LogConfig: Setting CVar [[r.Streaming.MaxEffectiveScreenSize:0]]
[2022.01.27-10.48.04:131][  0]LogConfig: Applying CVar settings from Section [EffectsQuality@3] File [G:/UNREAL_project/StreamCertifUnreal/Zazel_bomberman/Saved/Config/Windows/Scalability.ini]
[2022.01.27-10.48.04:131][  0]LogConfig: Setting CVar [[r.TranslucencyLightingVolumeDim:64]]
[2022.01.27-10.48.04:131][  0]LogConfig: Setting CVar [[r.RefractionQuality:2]]
[2022.01.27-10.48.04:131][  0]LogConfig: Setting CVar [[r.SSR.Quality:3]]
[2022.01.27-10.48.04:131][  0]LogConfig: Setting CVar [[r.SSR.HalfResSceneColor:0]]
[2022.01.27-10.48.04:131][  0]LogConfig: Setting CVar [[r.SceneColorFormat:4]]
[2022.01.27-10.48.04:131][  0]LogConfig: Setting CVar [[r.DetailMode:2]]
[2022.01.27-10.48.04:131][  0]LogConfig: Setting CVar [[r.TranslucencyVolumeBlur:1]]
[2022.01.27-10.48.04:131][  0]LogConfig: Setting CVar [[r.MaterialQualityLevel:1 ; High quality]]
[2022.01.27-10.48.04:131][  0]LogConfig: Setting CVar [[r.AnisotropicMaterials:1]]
[2022.01.27-10.48.04:131][  0]LogConfig: Setting CVar [[r.SSS.Scale:1]]
[2022.01.27-10.48.04:131][  0]LogConfig: Setting CVar [[r.SSS.SampleSet:2]]
[2022.01.27-10.48.04:131][  0]LogConfig: Setting CVar [[r.SSS.Quality:1]]
[2022.01.27-10.48.04:131][  0]LogConfig: Setting CVar [[r.SSS.HalfRes:0]]
[2022.01.27-10.48.04:131][  0]LogConfig: Setting CVar [[r.SSGI.Quality:3]]
[2022.01.27-10.48.04:131][  0]LogConfig: Setting CVar [[r.EmitterSpawnRateScale:1.0]]
[2022.01.27-10.48.04:131][  0]LogConfig: Setting CVar [[r.ParticleLightQuality:2]]
[2022.01.27-10.48.04:131][  0]LogConfig: Setting CVar [[r.SkyAtmosphere.AerialPerspectiveLUT.FastApplyOnOpaque:1 ; Always have FastSkyLUT 1 in this case to avoid wrong sky]]
[2022.01.27-10.48.04:131][  0]LogConfig: Setting CVar [[r.SkyAtmosphere.AerialPerspectiveLUT.SampleCountMaxPerSlice:4]]
[2022.01.27-10.48.04:131][  0]LogConfig: Setting CVar [[r.SkyAtmosphere.AerialPerspectiveLUT.DepthResolution:16.0]]
[2022.01.27-10.48.04:131][  0]LogConfig: Setting CVar [[r.SkyAtmosphere.FastSkyLUT:1]]
[2022.01.27-10.48.04:131][  0]LogConfig: Setting CVar [[r.SkyAtmosphere.FastSkyLUT.SampleCountMin:4.0]]
[2022.01.27-10.48.04:131][  0]LogConfig: Setting CVar [[r.SkyAtmosphere.FastSkyLUT.SampleCountMax:128.0]]
[2022.01.27-10.48.04:131][  0]LogConfig: Setting CVar [[r.SkyAtmosphere.SampleCountMin:4.0]]
[2022.01.27-10.48.04:131][  0]LogConfig: Setting CVar [[r.SkyAtmosphere.SampleCountMax:128.0]]
[2022.01.27-10.48.04:131][  0]LogConfig: Setting CVar [[r.SkyAtmosphere.TransmittanceLUT.UseSmallFormat:0]]
[2022.01.27-10.48.04:131][  0]LogConfig: Setting CVar [[r.SkyAtmosphere.TransmittanceLUT.SampleCount:10.0]]
[2022.01.27-10.48.04:131][  0]LogConfig: Setting CVar [[r.SkyAtmosphere.MultiScatteringLUT.SampleCount:15.0]]
[2022.01.27-10.48.04:131][  0]LogConfig: Setting CVar [[r.SkyLight.RealTimeReflectionCapture:1]]
[2022.01.27-10.48.04:131][  0]LogConfig: Applying CVar settings from Section [FoliageQuality@3] File [G:/UNREAL_project/StreamCertifUnreal/Zazel_bomberman/Saved/Config/Windows/Scalability.ini]
[2022.01.27-10.48.04:131][  0]LogConfig: Setting CVar [[foliage.DensityScale:1.0]]
[2022.01.27-10.48.04:131][  0]LogConfig: Setting CVar [[grass.DensityScale:1.0]]
[2022.01.27-10.48.04:131][  0]LogConfig: Applying CVar settings from Section [ShadingQuality@3] File [G:/UNREAL_project/StreamCertifUnreal/Zazel_bomberman/Saved/Config/Windows/Scalability.ini]
[2022.01.27-10.48.04:131][  0]LogConfig: Setting CVar [[r.HairStrands.SkyLighting.IntegrationType:2]]
[2022.01.27-10.48.04:131][  0]LogConfig: Setting CVar [[r.HairStrands.SkyAO.SampleCount:4]]
[2022.01.27-10.48.04:131][  0]LogConfig: Setting CVar [[r.HairStrands.Visibility.MSAA.SamplePerPixel:4]]
[2022.01.27-10.48.04:175][  0]LogInit: Selected Device Profile: [Windows]
[2022.01.27-10.48.04:196][  0]LogInit: Applying CVar settings loaded from the selected device profile: [Windows]
[2022.01.27-10.48.04:247][  0]LogHAL: Display: Platform has ~ 64 GB [68649574400 / 68719476736 / 64], which maps to Largest [LargestMinGB=32, LargerMinGB=12, DefaultMinGB=8, SmallerMinGB=6, SmallestMinGB=0)
[2022.01.27-10.48.04:247][  0]LogInit: Going up to parent DeviceProfile []
[2022.01.27-10.48.04:272][  0]LogConfig: Applying CVar settings from Section [ViewDistanceQuality@3] File [G:/UNREAL_project/StreamCertifUnreal/Zazel_bomberman/Saved/Config/Windows/Scalability.ini]
[2022.01.27-10.48.04:272][  0]LogConfig: Setting CVar [[r.SkeletalMeshLODBias:0]]
[2022.01.27-10.48.04:272][  0]LogConfig: Setting CVar [[r.ViewDistanceScale:1.0]]
[2022.01.27-10.48.04:272][  0]LogConfig: Applying CVar settings from Section [AntiAliasingQuality@3] File [G:/UNREAL_project/StreamCertifUnreal/Zazel_bomberman/Saved/Config/Windows/Scalability.ini]
[2022.01.27-10.48.04:272][  0]LogConfig: Setting CVar [[r.PostProcessAAQuality:4]]
[2022.01.27-10.48.04:272][  0]LogConfig: Applying CVar settings from Section [ShadowQuality@3] File [G:/UNREAL_project/StreamCertifUnreal/Zazel_bomberman/Saved/Config/Windows/Scalability.ini]
[2022.01.27-10.48.04:272][  0]LogConfig: Setting CVar [[r.LightFunctionQuality:1]]
[2022.01.27-10.48.04:272][  0]LogConfig: Setting CVar [[r.ShadowQuality:5]]
[2022.01.27-10.48.04:272][  0]LogConfig: Setting CVar [[r.Shadow.CSM.MaxCascades:10]]
[2022.01.27-10.48.04:272][  0]LogConfig: Setting CVar [[r.Shadow.MaxResolution:2048]]
[2022.01.27-10.48.04:272][  0]LogConfig: Setting CVar [[r.Shadow.MaxCSMResolution:2048]]
[2022.01.27-10.48.04:272][  0]LogConfig: Setting CVar [[r.Shadow.RadiusThreshold:0.01]]
[2022.01.27-10.48.04:272][  0]LogConfig: Setting CVar [[r.Shadow.DistanceScale:1.0]]
[2022.01.27-10.48.04:272][  0]LogConfig: Setting CVar [[r.Shadow.CSM.TransitionScale:1.0]]
[2022.01.27-10.48.04:272][  0]LogConfig: Setting CVar [[r.Shadow.PreShadowResolutionFactor:1.0]]
[2022.01.27-10.48.04:272][  0]LogConfig: Setting CVar [[r.DistanceFieldShadowing:1]]
[2022.01.27-10.48.04:272][  0]LogConfig: Setting CVar [[r.DistanceFieldAO:1]]
[2022.01.27-10.48.04:272][  0]LogConfig: Setting CVar [[r.AOQuality:2]]
[2022.01.27-10.48.04:272][  0]LogConfig: Setting CVar [[r.VolumetricFog:1]]
[2022.01.27-10.48.04:272][  0]LogConfig: Setting CVar [[r.VolumetricFog.GridPixelSize:8]]
[2022.01.27-10.48.04:272][  0]LogConfig: Setting CVar [[r.VolumetricFog.GridSizeZ:128]]
[2022.01.27-10.48.04:272][  0]LogConfig: Setting CVar [[r.VolumetricFog.HistoryMissSupersampleCount:4]]
[2022.01.27-10.48.04:272][  0]LogConfig: Setting CVar [[r.LightMaxDrawDistanceScale:1]]
[2022.01.27-10.48.04:272][  0]LogConfig: Setting CVar [[r.CapsuleShadows:1]]
[2022.01.27-10.48.04:272][  0]LogConfig: Applying CVar settings from Section [PostProcessQuality@3] File [G:/UNREAL_project/StreamCertifUnreal/Zazel_bomberman/Saved/Config/Windows/Scalability.ini]
[2022.01.27-10.48.04:272][  0]LogConfig: Setting CVar [[r.MotionBlurQuality:4]]
[2022.01.27-10.48.04:272][  0]LogConfig: Setting CVar [[r.AmbientOcclusionMipLevelFactor:0.4]]
[2022.01.27-10.48.04:272][  0]LogConfig: Setting CVar [[r.AmbientOcclusionMaxQuality:100]]
[2022.01.27-10.48.04:272][  0]LogConfig: Setting CVar [[r.AmbientOcclusionLevels:-1]]
[2022.01.27-10.48.04:272][  0]LogConfig: Setting CVar [[r.AmbientOcclusionRadiusScale:1.0]]
[2022.01.27-10.48.04:272][  0]LogConfig: Setting CVar [[r.DepthOfFieldQuality:2]]
[2022.01.27-10.48.04:272][  0]LogConfig: Setting CVar [[r.RenderTargetPoolMin:400]]
[2022.01.27-10.48.04:272][  0]LogConfig: Setting CVar [[r.LensFlareQuality:2]]
[2022.01.27-10.48.04:272][  0]LogConfig: Setting CVar [[r.SceneColorFringeQuality:1]]
[2022.01.27-10.48.04:272][  0]LogConfig: Setting CVar [[r.EyeAdaptationQuality:2]]
[2022.01.27-10.48.04:272][  0]LogConfig: Setting CVar [[r.BloomQuality:5]]
[2022.01.27-10.48.04:272][  0]LogConfig: Setting CVar [[r.FastBlurThreshold:100]]
[2022.01.27-10.48.04:272][  0]LogConfig: Setting CVar [[r.Upscale.Quality:3]]
[2022.01.27-10.48.04:272][  0]LogConfig: Setting CVar [[r.Tonemapper.GrainQuantization:1]]
[2022.01.27-10.48.04:272][  0]LogConfig: Setting CVar [[r.LightShaftQuality:1]]
[2022.01.27-10.48.04:272][  0]LogConfig: Setting CVar [[r.Filter.SizeScale:1]]
[2022.01.27-10.48.04:272][  0]LogConfig: Setting CVar [[r.Tonemapper.Quality:5]]
[2022.01.27-10.48.04:272][  0]LogConfig: Setting CVar [[r.DOF.Gather.AccumulatorQuality:1        ; higher gathering accumulator quality]]
[2022.01.27-10.48.04:272][  0]LogConfig: Setting CVar [[r.DOF.Gather.PostfilterMethod:1          ; Median3x3 postfilering method]]
[2022.01.27-10.48.04:272][  0]LogConfig: Setting CVar [[r.DOF.Gather.EnableBokehSettings:0       ; no bokeh simulation when gathering]]
[2022.01.27-10.48.04:272][  0]LogConfig: Setting CVar [[r.DOF.Gather.RingCount:4                 ; medium number of samples when gathering]]
[2022.01.27-10.48.04:272][  0]LogConfig: Setting CVar [[r.DOF.Scatter.ForegroundCompositing:1    ; additive foreground scattering]]
[2022.01.27-10.48.04:272][  0]LogConfig: Setting CVar [[r.DOF.Scatter.BackgroundCompositing:2    ; additive background scattering]]
[2022.01.27-10.48.04:272][  0]LogConfig: Setting CVar [[r.DOF.Scatter.EnableBokehSettings:1      ; bokeh simulation when scattering]]
[2022.01.27-10.48.04:272][  0]LogConfig: Setting CVar [[r.DOF.Scatter.MaxSpriteRatio:0.1         ; only a maximum of 10% of scattered bokeh]]
[2022.01.27-10.48.04:272][  0]LogConfig: Setting CVar [[r.DOF.Recombine.Quality:1                ; cheap slight out of focus]]
[2022.01.27-10.48.04:272][  0]LogConfig: Setting CVar [[r.DOF.Recombine.EnableBokehSettings:0    ; no bokeh simulation on slight out of focus]]
[2022.01.27-10.48.04:272][  0]LogConfig: Setting CVar [[r.DOF.TemporalAAQuality:1                ; more stable temporal accumulation]]
[2022.01.27-10.48.04:272][  0]LogConfig: Setting CVar [[r.DOF.Kernel.MaxForegroundRadius:0.025]]
[2022.01.27-10.48.04:272][  0]LogConfig: Setting CVar [[r.DOF.Kernel.MaxBackgroundRadius:0.025]]
[2022.01.27-10.48.04:272][  0]LogConfig: Applying CVar settings from Section [TextureQuality@3] File [G:/UNREAL_project/StreamCertifUnreal/Zazel_bomberman/Saved/Config/Windows/Scalability.ini]
[2022.01.27-10.48.04:272][  0]LogConfig: Setting CVar [[r.Streaming.MipBias:0]]
[2022.01.27-10.48.04:273][  0]LogConfig: Setting CVar [[r.Streaming.AmortizeCPUToGPUCopy:0]]
[2022.01.27-10.48.04:273][  0]LogConfig: Setting CVar [[r.Streaming.MaxNumTexturesToStreamPerFrame:0]]
[2022.01.27-10.48.04:273][  0]LogConfig: Setting CVar [[r.Streaming.Boost:1]]
[2022.01.27-10.48.04:273][  0]LogConfig: Setting CVar [[r.MaxAnisotropy:8]]
[2022.01.27-10.48.04:273][  0]LogConfig: Setting CVar [[r.VT.MaxAnisotropy:8]]
[2022.01.27-10.48.04:273][  0]LogConfig: Setting CVar [[r.Streaming.LimitPoolSizeToVRAM:0]]
[2022.01.27-10.48.04:273][  0]LogConfig: Setting CVar [[r.Streaming.PoolSize:1000]]
[2022.01.27-10.48.04:273][  0]LogConfig: Setting CVar [[r.Streaming.MaxEffectiveScreenSize:0]]
[2022.01.27-10.48.04:273][  0]LogConfig: Applying CVar settings from Section [EffectsQuality@3] File [G:/UNREAL_project/StreamCertifUnreal/Zazel_bomberman/Saved/Config/Windows/Scalability.ini]
[2022.01.27-10.48.04:273][  0]LogConfig: Setting CVar [[r.TranslucencyLightingVolumeDim:64]]
[2022.01.27-10.48.04:273][  0]LogConfig: Setting CVar [[r.RefractionQuality:2]]
[2022.01.27-10.48.04:273][  0]LogConfig: Setting CVar [[r.SSR.Quality:3]]
[2022.01.27-10.48.04:273][  0]LogConfig: Setting CVar [[r.SSR.HalfResSceneColor:0]]
[2022.01.27-10.48.04:273][  0]LogConfig: Setting CVar [[r.SceneColorFormat:4]]
[2022.01.27-10.48.04:273][  0]LogConfig: Setting CVar [[r.DetailMode:2]]
[2022.01.27-10.48.04:273][  0]LogConfig: Setting CVar [[r.TranslucencyVolumeBlur:1]]
[2022.01.27-10.48.04:273][  0]LogConfig: Setting CVar [[r.MaterialQualityLevel:1 ; High quality]]
[2022.01.27-10.48.04:273][  0]LogConfig: Setting CVar [[r.AnisotropicMaterials:1]]
[2022.01.27-10.48.04:273][  0]LogConfig: Setting CVar [[r.SSS.Scale:1]]
[2022.01.27-10.48.04:273][  0]LogConfig: Setting CVar [[r.SSS.SampleSet:2]]
[2022.01.27-10.48.04:273][  0]LogConfig: Setting CVar [[r.SSS.Quality:1]]
[2022.01.27-10.48.04:273][  0]LogConfig: Setting CVar [[r.SSS.HalfRes:0]]
[2022.01.27-10.48.04:273][  0]LogConfig: Setting CVar [[r.SSGI.Quality:3]]
[2022.01.27-10.48.04:273][  0]LogConfig: Setting CVar [[r.EmitterSpawnRateScale:1.0]]
[2022.01.27-10.48.04:273][  0]LogConfig: Setting CVar [[r.ParticleLightQuality:2]]
[2022.01.27-10.48.04:273][  0]LogConfig: Setting CVar [[r.SkyAtmosphere.AerialPerspectiveLUT.FastApplyOnOpaque:1 ; Always have FastSkyLUT 1 in this case to avoid wrong sky]]
[2022.01.27-10.48.04:273][  0]LogConfig: Setting CVar [[r.SkyAtmosphere.AerialPerspectiveLUT.SampleCountMaxPerSlice:4]]
[2022.01.27-10.48.04:273][  0]LogConfig: Setting CVar [[r.SkyAtmosphere.AerialPerspectiveLUT.DepthResolution:16.0]]
[2022.01.27-10.48.04:273][  0]LogConfig: Setting CVar [[r.SkyAtmosphere.FastSkyLUT:1]]
[2022.01.27-10.48.04:273][  0]LogConfig: Setting CVar [[r.SkyAtmosphere.FastSkyLUT.SampleCountMin:4.0]]
[2022.01.27-10.48.04:273][  0]LogConfig: Setting CVar [[r.SkyAtmosphere.FastSkyLUT.SampleCountMax:128.0]]
[2022.01.27-10.48.04:273][  0]LogConfig: Setting CVar [[r.SkyAtmosphere.SampleCountMin:4.0]]
[2022.01.27-10.48.04:273][  0]LogConfig: Setting CVar [[r.SkyAtmosphere.SampleCountMax:128.0]]
[2022.01.27-10.48.04:273][  0]LogConfig: Setting CVar [[r.SkyAtmosphere.TransmittanceLUT.UseSmallFormat:0]]
[2022.01.27-10.48.04:273][  0]LogConfig: Setting CVar [[r.SkyAtmosphere.TransmittanceLUT.SampleCount:10.0]]
[2022.01.27-10.48.04:273][  0]LogConfig: Setting CVar [[r.SkyAtmosphere.MultiScatteringLUT.SampleCount:15.0]]
[2022.01.27-10.48.04:273][  0]LogConfig: Setting CVar [[r.SkyLight.RealTimeReflectionCapture:1]]
[2022.01.27-10.48.04:273][  0]LogConfig: Applying CVar settings from Section [FoliageQuality@3] File [G:/UNREAL_project/StreamCertifUnreal/Zazel_bomberman/Saved/Config/Windows/Scalability.ini]
[2022.01.27-10.48.04:273][  0]LogConfig: Setting CVar [[foliage.DensityScale:1.0]]
[2022.01.27-10.48.04:273][  0]LogConfig: Setting CVar [[grass.DensityScale:1.0]]
[2022.01.27-10.48.04:273][  0]LogConfig: Applying CVar settings from Section [ShadingQuality@3] File [G:/UNREAL_project/StreamCertifUnreal/Zazel_bomberman/Saved/Config/Windows/Scalability.ini]
[2022.01.27-10.48.04:273][  0]LogConfig: Setting CVar [[r.HairStrands.SkyLighting.IntegrationType:2]]
[2022.01.27-10.48.04:273][  0]LogConfig: Setting CVar [[r.HairStrands.SkyAO.SampleCount:4]]
[2022.01.27-10.48.04:273][  0]LogConfig: Setting CVar [[r.HairStrands.Visibility.MSAA.SamplePerPixel:4]]
[2022.01.27-10.48.04:273][  0]LogConfig: Applying CVar settings from Section [Startup] File [../../../Engine/Config/ConsoleVariables.ini]
[2022.01.27-10.48.04:292][  0]LogConfig: Setting CVar [[net.UseAdaptiveNetUpdateFrequency:0]]
[2022.01.27-10.48.04:292][  0]LogConfig: Setting CVar [[p.chaos.AllowCreatePhysxBodies:1]]
[2022.01.27-10.48.04:292][  0]LogConfig: Setting CVar [[fx.SkipVectorVMBackendOptimizations:1]]
[2022.01.27-10.48.04:292][  0]LogConfig: Applying CVar settings from Section [ConsoleVariables] File [G:/UNREAL_project/StreamCertifUnreal/Zazel_bomberman/Saved/Config/Windows/Engine.ini]
[2022.01.27-10.48.04:292][  0]LogConfig: Applying CVar settings from Section [ConsoleVariables] File [G:/UNREAL_project/StreamCertifUnreal/Zazel_bomberman/Saved/Config/Windows/Editor.ini]
[2022.01.27-10.48.04:344][  0]LogInit: Computer: DESKTOP-NKA1MSQ
[2022.01.27-10.48.04:344][  0]LogInit: User: prude
[2022.01.27-10.48.04:344][  0]LogInit: CPU Page size=4096, Cores=8
[2022.01.27-10.48.04:344][  0]LogInit: High frequency timer resolution =10.000000 MHz
[2022.01.27-10.48.04:344][  0]LogMemory: Memory total: Physical=63.9GB (64GB approx)
[2022.01.27-10.48.04:344][  0]LogMemory: Platform Memory Stats for Windows
[2022.01.27-10.48.04:344][  0]LogMemory: Process Physical Memory: 146.04 MB used, 146.04 MB peak
[2022.01.27-10.48.04:344][  0]LogMemory: Process Virtual Memory: 129.37 MB used, 129.37 MB peak
[2022.01.27-10.48.04:344][  0]LogMemory: Physical Memory: 22536.63 MB used,  42932.70 MB free, 65469.34 MB total
[2022.01.27-10.48.04:344][  0]LogMemory: Virtual Memory: 134172696.00 MB used,  45033.89 MB free, 134217728.00 MB total
[2022.01.27-10.48.04:351][  0]LogWindows: WindowsPlatformFeatures enabled
[2022.01.27-10.48.05:888][  0]LogInit: Physics initialised using underlying interface: PhysX
[2022.01.27-10.48.06:065][  0]LogInit: Using OS detected language (fr-FR).
[2022.01.27-10.48.06:065][  0]LogInit: Using OS detected locale (fr-FR).
[2022.01.27-10.48.06:464][  0]LogTextLocalizationManager: No specific localization for 'fr-FR' exists, so the 'fr' localization will be used.
[2022.01.27-10.48.06:464][  0]LogTextLocalizationResource: LocRes '../../../Engine/Content/Localization/Editor/fr/Editor.locres' could not be opened for reading!
[2022.01.27-10.48.06:464][  0]LogTextLocalizationResource: LocRes '../../../Engine/Content/Localization/EditorTutorials/fr/EditorTutorials.locres' could not be opened for reading!
[2022.01.27-10.48.06:464][  0]LogTextLocalizationResource: LocRes '../../../Engine/Content/Localization/Keywords/fr/Keywords.locres' could not be opened for reading!
[2022.01.27-10.48.06:464][  0]LogTextLocalizationResource: LocRes '../../../Engine/Content/Localization/Category/fr/Category.locres' could not be opened for reading!
[2022.01.27-10.48.06:476][  0]LogTextLocalizationResource: LocRes '../../../Engine/Content/Localization/ToolTips/fr/ToolTips.locres' could not be opened for reading!
[2022.01.27-10.48.06:486][  0]LogTextLocalizationResource: LocRes '../../../Engine/Content/Localization/PropertyNames/fr/PropertyNames.locres' could not be opened for reading!
[2022.01.27-10.48.06:486][  0]LogTextLocalizationResource: LocRes '../../../Engine/Content/Localization/Engine/fr/Engine.locres' could not be opened for reading!
[2022.01.27-10.48.06:579][  0]LogInit: Setting process to per monitor DPI aware
[2022.01.27-10.48.06:978][  0]LogWindowsTextInputMethodSystem: Display: IME system deactivated.
[2022.01.27-10.48.07:953][  0]LogSlate: New Slate User Created.  User Index 0, Is Virtual User: 0
[2022.01.27-10.48.07:953][  0]LogSlate: Slate User Registered.  User Index 0, Is Virtual User: 0
[2022.01.27-10.48.12:687][  0]LogD3D11RHI: Loaded GFSDK_Aftermath_Lib.x64.dll
[2022.01.27-10.48.12:691][  0]LogD3D11RHI: D3D11 min allowed feature level: 11_0
[2022.01.27-10.48.12:691][  0]LogD3D11RHI: D3D11 max allowed feature level: 11_0
[2022.01.27-10.48.12:691][  0]LogD3D11RHI: D3D11 adapters:
[2022.01.27-10.48.12:802][  0]LogD3D11RHI:    0. 'NVIDIA GeForce RTX 2080 Ti' (Feature Level 11_0)
[2022.01.27-10.48.12:803][  0]LogD3D11RHI:       11049/0/32734 MB DedicatedVideo/DedicatedSystem/SharedSystem, Outputs:2, VendorId:0x10de
[2022.01.27-10.48.12:809][  0]LogD3D11RHI:    1. 'Microsoft Basic Render Driver' (Feature Level 11_0)
[2022.01.27-10.48.12:809][  0]LogD3D11RHI:       0/0/32734 MB DedicatedVideo/DedicatedSystem/SharedSystem, Outputs:0, VendorId:0x1414
[2022.01.27-10.48.12:809][  0]LogD3D11RHI: Chosen D3D11 Adapter:
[2022.01.27-10.48.12:809][  0]LogD3D11RHI:     Description : NVIDIA GeForce RTX 2080 Ti
[2022.01.27-10.48.12:809][  0]LogD3D11RHI:     VendorId    : 10de
[2022.01.27-10.48.12:809][  0]LogD3D11RHI:     DeviceId    : 1e07
[2022.01.27-10.48.12:809][  0]LogD3D11RHI:     SubSysId    : 37151462
[2022.01.27-10.48.12:809][  0]LogD3D11RHI:     Revision    : 00a1
[2022.01.27-10.48.12:809][  0]LogD3D11RHI:     DedicatedVideoMemory : 11585716224 bytes
[2022.01.27-10.48.12:809][  0]LogD3D11RHI:     DedicatedSystemMemory : 0 bytes
[2022.01.27-10.48.12:809][  0]LogD3D11RHI:     SharedSystemMemory : 34324787200 bytes
[2022.01.27-10.48.12:809][  0]LogD3D11RHI:     AdapterLuid : 1 1592502930
[2022.01.27-10.48.12:837][  0]LogD3D11RHI: Creating new Direct3DDevice
[2022.01.27-10.48.12:837][  0]LogD3D11RHI:     GPU DeviceId: 0x1e07 (for the marketing name, search the web for "GPU Device Id")
[2022.01.27-10.48.12:837][  0]LogWindows: EnumDisplayDevices:
[2022.01.27-10.48.12:837][  0]LogWindows:    0. 'NVIDIA GeForce RTX 2080 Ti' (P:1 D:1)
[2022.01.27-10.48.12:838][  0]LogWindows:    1. 'NVIDIA GeForce RTX 2080 Ti' (P:0 D:1)
[2022.01.27-10.48.12:838][  0]LogWindows:    2. 'NVIDIA GeForce RTX 2080 Ti' (P:0 D:0)
[2022.01.27-10.48.12:838][  0]LogWindows:    3. 'NVIDIA GeForce RTX 2080 Ti' (P:0 D:0)
[2022.01.27-10.48.12:838][  0]LogWindows: DebugString: FoundDriverCount:4 
[2022.01.27-10.48.12:838][  0]LogD3D11RHI:     Adapter Name: NVIDIA GeForce RTX 2080 Ti
[2022.01.27-10.48.12:839][  0]LogD3D11RHI:   Driver Version: 511.23 (internal:30.0.15.1123, unified:511.23)
[2022.01.27-10.48.12:839][  0]LogD3D11RHI:      Driver Date: 1-10-2022
[2022.01.27-10.48.12:839][  0]LogRHI: Texture pool is 7734 MB (70% of 11049 MB)
[2022.01.27-10.48.12:839][  0]LogD3D11RHI: Creating D3DDevice using adapter:
[2022.01.27-10.48.12:839][  0]LogD3D11RHI:     Description : NVIDIA GeForce RTX 2080 Ti
[2022.01.27-10.48.12:839][  0]LogD3D11RHI:     VendorId    : 10de
[2022.01.27-10.48.12:839][  0]LogD3D11RHI:     DeviceId    : 1e07
[2022.01.27-10.48.12:839][  0]LogD3D11RHI:     SubSysId    : 37151462
[2022.01.27-10.48.12:839][  0]LogD3D11RHI:     Revision    : 00a1
[2022.01.27-10.48.12:839][  0]LogD3D11RHI:     DedicatedVideoMemory : 11585716224 bytes
[2022.01.27-10.48.12:839][  0]LogD3D11RHI:     DedicatedSystemMemory : 0 bytes
[2022.01.27-10.48.12:839][  0]LogD3D11RHI:     SharedSystemMemory : 34324787200 bytes
[2022.01.27-10.48.12:839][  0]LogD3D11RHI:     AdapterLuid : 1 1592502930
[2022.01.27-10.48.12:915][  0]LogD3D11RHI: RHI has support for 64 bit atomics
[2022.01.27-10.48.12:915][  0]LogD3D11RHI: Async texture creation enabled
[2022.01.27-10.48.12:915][  0]LogD3D11RHI: Array index from any shader is supported
[2022.01.27-10.48.12:917][  0]LogD3D11RHI: HDR output is supported on display 0 (NvId: 0x80061083).
[2022.01.27-10.48.13:510][  0]LogD3D11RHI: GPU Timing Frequency: 1000.000000 (Debug: 2 1)
[2022.01.27-10.48.13:718][  0]LogRHI: GeForceNow SDK initialized: 1
[2022.01.27-10.48.14:356][  0]LogTargetPlatformManager: Display: Loaded TargetPlatform 'AllDesktop'
[2022.01.27-10.48.14:401][  0]LogTargetPlatformManager: Display: Loaded TargetPlatform 'Android'
[2022.01.27-10.48.14:402][  0]LogTargetPlatformManager: Display: Loaded TargetPlatform 'Android_ASTC'
[2022.01.27-10.48.14:402][  0]LogTargetPlatformManager: Display: Loaded TargetPlatform 'Android_DXT'
[2022.01.27-10.48.14:402][  0]LogTargetPlatformManager: Display: Loaded TargetPlatform 'Android_ETC2'
[2022.01.27-10.48.14:402][  0]LogTargetPlatformManager: Display: Loaded TargetPlatform 'AndroidClient'
[2022.01.27-10.48.14:402][  0]LogTargetPlatformManager: Display: Loaded TargetPlatform 'Android_ASTCClient'
[2022.01.27-10.48.14:402][  0]LogTargetPlatformManager: Display: Loaded TargetPlatform 'Android_DXTClient'
[2022.01.27-10.48.14:402][  0]LogTargetPlatformManager: Display: Loaded TargetPlatform 'Android_ETC2Client'
[2022.01.27-10.48.14:402][  0]LogTargetPlatformManager: Display: Loaded TargetPlatform 'Android_Multi'
[2022.01.27-10.48.14:402][  0]LogTargetPlatformManager: Display: Loaded TargetPlatform 'Android_MultiClient'
[2022.01.27-10.48.14:544][  0]LogTargetPlatformManager: Display: Loaded TargetPlatform 'IOSClient'
[2022.01.27-10.48.14:544][  0]LogTargetPlatformManager: Display: Loaded TargetPlatform 'IOS'
[2022.01.27-10.48.14:622][  0]LogTargetPlatformManager: Display: Loaded TargetPlatform 'Linux'
[2022.01.27-10.48.14:677][  0]LogTargetPlatformManager: Display: Loaded TargetPlatform 'LinuxNoEditor'
[2022.01.27-10.48.14:688][  0]LogTargetPlatformManager: Display: Loaded TargetPlatform 'LinuxClient'
[2022.01.27-10.48.14:708][  0]LogTargetPlatformManager: Display: Loaded TargetPlatform 'LinuxServer'
[2022.01.27-10.48.14:754][  0]LogTargetPlatformManager: Display: Loaded TargetPlatform 'LinuxAArch64NoEditor'
[2022.01.27-10.48.14:777][  0]LogTargetPlatformManager: Display: Loaded TargetPlatform 'LinuxAArch64Client'
[2022.01.27-10.48.14:800][  0]LogTargetPlatformManager: Display: Loaded TargetPlatform 'LinuxAArch64Server'
[2022.01.27-10.48.14:867][  0]LogTargetPlatformManager: Display: Loaded TargetPlatform 'Lumin'
[2022.01.27-10.48.14:867][  0]LogTargetPlatformManager: Display: Loaded TargetPlatform 'LuminClient'
[2022.01.27-10.48.14:926][  0]LogTargetPlatformManager: Display: Loaded TargetPlatform 'MacNoEditor'
[2022.01.27-10.48.14:949][  0]LogTargetPlatformManager: Display: Loaded TargetPlatform 'Mac'
[2022.01.27-10.48.15:023][  0]LogTargetPlatformManager: Display: Loaded TargetPlatform 'MacClient'
[2022.01.27-10.48.15:046][  0]LogTargetPlatformManager: Display: Loaded TargetPlatform 'MacServer'
[2022.01.27-10.48.15:074][  0]LogTargetPlatformManager: Display: Loaded TargetPlatform 'TVOSClient'
[2022.01.27-10.48.15:074][  0]LogTargetPlatformManager: Display: Loaded TargetPlatform 'TVOS'
[2022.01.27-10.48.15:110][  0]LogTargetPlatformManager: Display: Loaded TargetPlatform 'WindowsNoEditor'
[2022.01.27-10.48.15:155][  0]LogTargetPlatformManager: Display: Loaded TargetPlatform 'Windows'
[2022.01.27-10.48.15:177][  0]LogTargetPlatformManager: Display: Loaded TargetPlatform 'WindowsClient'
[2022.01.27-10.48.15:227][  0]LogTargetPlatformManager: Display: Loaded TargetPlatform 'WindowsServer'
[2022.01.27-10.48.15:227][  0]LogTargetPlatformManager: Display: Building Assets For Windows
[2022.01.27-10.48.15:463][  0]LogAudioDebug: Display: Lib vorbis DLL was dynamically loaded.
[2022.01.27-10.48.16:089][  0]LogTextureFormatOodle: Display: Oodle Texture 2.9.0 init RDO Off
[2022.01.27-10.48.17:506][  0]LogRendererCore: Ray tracing is disabled. Reason: r.RayTracing=0.
[2022.01.27-10.48.17:567][  0]LogShaderCompilers: Guid format shader working directory is -7 characters bigger than the processId version (G:/UNREAL_project/StreamCertifUnreal/Zazel_bomberman/Intermediate/Shaders/WorkingDirectory/23640/).
[2022.01.27-10.48.17:568][  0]LogShaderCompilers: Cleaned the shader compiler working directory 'C:/Users/prude/AppData/Local/Temp/UnrealShaderWorkingDir/50B19B0F46F9F727176B93B5E84E3D95/'.
[2022.01.27-10.48.17:596][  0]LogXGEController: Cannot use XGE Controller as Incredibuild is not installed on this machine.
[2022.01.27-10.48.17:596][  0]LogShaderCompilers: Cannot use XGE Shader Compiler as Incredibuild is not installed on this machine.
[2022.01.27-10.48.17:596][  0]LogShaderCompilers: Display: Using Local Shader Compiler.
[2022.01.27-10.48.21:164][  0]LogDerivedDataCache: Display: Max Cache Size: 512 MB
[2022.01.27-10.48.21:369][  0]LogDerivedDataCache: Loaded boot cache 0.20s 77MB C:/Users/prude/AppData/Local/UnrealEngine/4.27/DerivedDataCache/Boot.ddc.
[2022.01.27-10.48.21:369][  0]LogDerivedDataCache: Display: Loaded Boot cache: C:/Users/prude/AppData/Local/UnrealEngine/4.27/DerivedDataCache/Boot.ddc
[2022.01.27-10.48.21:371][  0]LogDerivedDataCache: FDerivedDataBackendGraph:  Pak pak cache file G:/UNREAL_project/StreamCertifUnreal/Zazel_bomberman/DerivedDataCache/DDC.ddp not found, will not use a pak cache.
[2022.01.27-10.48.21:371][  0]LogDerivedDataCache: Unable to find inner node Pak for hierarchical cache Hierarchy.
[2022.01.27-10.48.21:371][  0]LogDerivedDataCache: FDerivedDataBackendGraph:  CompressedPak pak cache file G:/UNREAL_project/StreamCertifUnreal/Zazel_bomberman/DerivedDataCache/Compressed.ddp not found, will not use a pak cache.
[2022.01.27-10.48.21:371][  0]LogDerivedDataCache: Unable to find inner node CompressedPak for hierarchical cache Hierarchy.
[2022.01.27-10.48.21:473][  0]LogDerivedDataCache: Display: Pak cache opened for reading ../../../Engine/DerivedDataCache/Compressed.ddp.
[2022.01.27-10.48.21:473][  0]LogDerivedDataCache: FDerivedDataBackendGraph:  EnterprisePak pak cache file ../../../Enterprise/DerivedDataCache/Compressed.ddp not found, will not use a pak cache.
[2022.01.27-10.48.21:473][  0]LogDerivedDataCache: Unable to find inner node EnterprisePak for hierarchical cache Hierarchy.
[2022.01.27-10.48.21:493][  0]LogDerivedDataCache: Speed tests for C:/Users/prude/AppData/Local/UnrealEngine/Common/DerivedDataCache took 0.02 seconds
[2022.01.27-10.48.21:493][  0]LogDerivedDataCache: Display: Performance to C:/Users/prude/AppData/Local/UnrealEngine/Common/DerivedDataCache: Latency=0.43ms. RandomReadSpeed=86.51MBs, RandomWriteSpeed=243.95MBs. Assigned SpeedClass 'Local'
[2022.01.27-10.48.21:494][  0]LogDerivedDataCache: Using Local data cache path C:/Users/prude/AppData/Local/UnrealEngine/Common/DerivedDataCache: Writable
[2022.01.27-10.48.21:494][  0]LogDerivedDataCache: Shared data cache path not found in *engine.ini, will not use an Shared cache.
[2022.01.27-10.48.21:494][  0]LogDerivedDataCache: Unable to find inner node Shared for hierarchical cache Hierarchy.
[2022.01.27-10.48.21:650][  0]LogSlate: Using FreeType 2.10.0
[2022.01.27-10.48.21:801][  0]LogSlate: SlateFontServices - WITH_FREETYPE: 1, WITH_HARFBUZZ: 1
[2022.01.27-10.48.23:954][  0]LogAssetRegistry: FAssetRegistry took 0.0481 seconds to start up
[2022.01.27-10.48.30:499][  0]LogInit: Selected Device Profile: [Windows]
[2022.01.27-10.48.30:499][  0]LogInit: Active device profile: [000001C253454900][000001C24A370D40 49] Windows
[2022.01.27-10.48.30:499][  0]LogInit: Profiles: [000001C253454900][000001C24A370D40 49] Windows, [000001C253433800][000001C24A02AEC0 49] WindowsNoEditor, [000001C253457500][000001C249879040 49] WindowsServer, [000001C253430E00][000001C24987D1C0 49] WindowsClient, [000001C253457800][000001C249881340 49] IOS, [000001C253432800][000001C2498854C0 49] iPadAir, [000001C253456000][000001C249889640 49] iPadAir2, [000001C2543CCA00][000001C249891900 49] IPadPro, [000001C2543CCB00][000001C24988D940 49] iPadAir3, [000001C253431900][000001C249895AC0 49] iPadAir4, [000001C2543CF400][000001C2498980C0 49] iPadMini2, [000001C253432A00][000001C24989C240 49] iPadMini3, [000001C2543CD700][000001C2498A03C0 49] iPadMini4, [000001C253455100][000001C249A96540 49] iPadMini5, [000001C2543F4300][000001C249A9A780 49] iPhone6, [000001C2543F4400][000001C24A0267C0 49] iPodTouch6, [000001C2543BBF00][000001C249AA6A40 49] iPhone7, [000001C2543BBE00][000001C249A9EA80 49] iPodTouch7, [000001C253432000][000001C249AAAC00 49] iPhone5S, [000001C2543B9A00][000001C249AAED80 49] iPhone6Plus, [000001C2543F4200][000001C249AB2F00 49] iPhone6S, [000001C2543B8600][000001C249AB7080 49] iPhone6SPlus, [000001C2543F6900][000001C249ABB200 49] iPhone7Plus, [000001C2543BB100][000001C249ABF380 49] iPhoneSE, [000001C2543F6200][000001C249AC3500 49] iPhone8, [000001C2543BBB00][000001C249B1D680 49] iPhone8Plus, [000001C2543F4A00][000001C249B21800 49] iPhoneX, [000001C2543B9400][000001C249B25980 49] iPhoneXS, [000001C2543F7900][000001C249B29B00 49] iPhoneXSMax, [000001C2543B8900][000001C249B2C100 49] iPhoneXR, [000001C2543F6F00][000001C249B30280 49] iPhone11, [000001C2543B9300][000001C249B34400 49] iPhone11Pro, [000001C2543F5000][000001C249B38580 49] iPhone11ProMax, [000001C2543BAA00][000001C249B3C700 49] iPhoneSE2, [000001C2543F5400][000001C249AA2840 49] iPhone12Mini, [000001C2543BA400][000001C249B40980 49] iPhone12, [000001C2543F4D00][000001C249B44AC0 49] iPhone12Pro, [000001C2543BAB00][000001C249B4CC40 49] iPhone12ProMax, [000001C2543F7000][000001C249B50DC0 49] iPadPro105, [000001C2543B8700][000001C252392F40 49] iPadPro129, [000001C2543F6800][000001C2523970C0 49] iPadPro97, [000001C2543BA600][000001C25239B240 49] iPadPro2_129, [000001C2543F7C00][000001C25239F3C0 49] iPad5, [000001C2543BA200][000001C2523A3540 49] iPad6, [000001C2543F4F00][000001C2523A76C0 49] iPad7, [000001C2543BAD00][000001C2523AB840 49] iPad8, [000001C2543F5100][000001C2523AF9C0 49] iPadPro11, [000001C2543B9600][000001C2523B3B40 49] iPadPro2_11, [000001C2543F7400][000001C2523B6140 49] iPadPro3_129, [000001C2543BA800][000001C2523BA2C0 49] iPadPro4_129, [000001C2543F7A00][000001C2523BE440 49] AppleTV, [000001C2543BA100][000001C2523C25C0 49] AppleTV4K, [000001C2543F5F00][000001C2523C6740 49] TVOS, [000001C2543BB400][000001C2523CA8C0 49] Mac, [000001C2543F7800][000001C249B48A00 49] MacClient, [000001C2543B9E00][000001C2523CEB40 49] MacNoEditor, [000001C2543F7F00][000001C2523D2C80 49] MacServer, [000001C2543BB500][000001C2523D6DC0 49] Linux, [000001C2543F4C00][000001C2523DEF40 49] LinuxAArch64, [000001C2543BAF00][000001C2523E30C0 49] LinuxNoEditor, [000001C2543F4B00][000001C2523E7240 49] LinuxAArch64NoEditor, [000001C2543BB700][000001C2523EB3C0 49] LinuxClient, [000001C2543F5A00][000001C2523EF540 49] LinuxAArch64Client, [000001C2543B9000][000001C2523F36C0 49] LinuxServer, [000001C2543F6500][000001C2523F7840 49] LinuxAArch64Server, [000001C2543B9900][000001C2523FB9C0 49] Android, [000001C2543F5300][000001C254663B40 49] Android_Low, [000001C2543BA700][000001C254666140 49] Android_Mid, [000001C2543F6B00][000001C25466A2C0 49] Android_High, [000001C2543BB800][000001C25466E440 49] Android_Default, [000001C2543F5600][000001C2546725C0 49] Android_Adreno4xx, [000001C2543B9500][000001C254676740 49] Android_Adreno5xx_Low, [000001C2543CF600][000001C25467A8C0 49] Android_Adreno5xx, [000001C253431800][000001C25467EA40 49] Android_Adreno6xx, [000001C2543CD200][000001C2523DAB80 49] Android_Adreno6xx_Vulkan, [000001C253433C00][000001C254682CC0 49] Android_Mali_T6xx, [000001C2543CD100][000001C254686E00 49] Android_Mali_T7xx, [000001C253431600][000001C25468AF40 49] Android_Mali_T8xx, [000001C2543CDE00][000001C2546930C0 49] Android_Mali_G71, [000001C253430500][000001C254697240 49] Android_Mali_G72, [000001C2543CC800][000001C25469B3C0 49] Android_Mali_G72_Vulkan, [000001C253431300][000001C25469F540 49] Android_Mali_G76, [000001C2543CC100][000001C2546A36C0 49] Android_Mali_G76_Vulkan, [000001C253431F00][000001C2546A7840 49] Android_Mali_G77, [000001C2543CD000][000001C2546AB9C0 49] Android_Mali_G77_Vulkan, [000001C253430A00][000001C2546AFB40 49] Android_Mali_G78, [000001C2543CEC00][000001C2546B2140 49] Android_Mali_G78_Vulkan, [000001C253433600][000001C2546B62C0 49] Android_Mali_G710, [000001C2543CEA00][000001C2546BA440 49] Android_Mali_G710_Vulkan, [000001C253433F00][000001C2546BE5C0 49] Android_Vulkan_SM5, [000001C2543CFB00][000001C2546C2740 49] Android_PowerVR_G6xxx, [000001C253433B00][000001C2546C68C0 49] Android_PowerVR_GT7xxx, [000001C2543CF900][000001C2546CAA40 49] Android_PowerVR_GE8xxx, [000001C253430C00][000001C2546CEBC0 49] Android_PowerVR_GM9xxx, [000001C2543CE700][000001C2546D2D40 49] Android_PowerVR_GM9xxx_Vulkan, [000001C253432700][000001C25468EE80 49] Android_TegraK1, [000001C2543CC900][000001C2546D6FC0 49] Android_Unknown_Vulkan, [000001C253431D00][000001C2546DB100 49] Lumin, [000001C2543CC500][000001C2546E3280 49] Lumin_Desktop, [000001C253433300][000001C2546E7400 49] HoloLens, 
[2022.01.27-10.48.35:266][  0]LogMeshReduction: Using QuadricMeshReduction for automatic static mesh reduction
[2022.01.27-10.48.35:266][  0]LogMeshReduction: Using SimplygonMeshReduction for automatic skeletal mesh reduction
[2022.01.27-10.48.35:266][  0]LogMeshReduction: Using ProxyLODMeshReduction for automatic mesh merging
[2022.01.27-10.48.35:266][  0]LogMeshReduction: No distributed automatic mesh merging module available
[2022.01.27-10.48.35:267][  0]LogMeshMerging: No distributed automatic mesh merging module available
[2022.01.27-10.48.37:306][  0]LogNetVersion: Zazel_bomberman 1.0.0, NetCL: 17155196, EngineNetVer: 17, GameNetVer: 0 (Checksum: 3929183240)
[2022.01.27-10.49.09:348][  0]LogTexture: Default maximum texture size for cubemaps generated from long-lat sources has been changed from 512 to unlimited. In order to preserve old behaiour for '/Engine/MapTemplates/Sky/DaylightAmbientCubemap.DaylightAmbientCubemap', its maximum texture size has been explicitly set to 512.
[2022.01.27-10.49.10:565][  0]LogUObjectArray: 16787 objects as part of root set at end of initial load.
[2022.01.27-10.49.10:565][  0]LogUObjectAllocator: 4192496 out of 0 bytes used by permanent object pool.
[2022.01.27-10.49.10:565][  0]LogUObjectArray: CloseDisregardForGC: 0/0 objects in disregard for GC pool
[2022.01.27-10.49.18:312][  0]LogNiagaraDebuggerClient: Niagara Debugger Client Initialized | Session: 1CE138EB4533ABCD84A2DB935B6BA00D | Instance: D44CE41649D2F6376789A19B5C029444 (DESKTOP-NKA1MSQ-23640).
[2022.01.27-10.49.19:725][  0]LogImageWrapper: Warning: PNG Warning: Duplicate iCCP chunk
[2022.01.27-10.49.19:725][  0]LogImageWrapper: Warning: PNG Warning: Duplicate iCCP chunk
[2022.01.27-10.49.19:933][  0]LogPython: Using Python 3.7.7
[2022.01.27-10.49.21:898][  0]LogTcpMessaging: Initializing TcpMessaging bridge
[2022.01.27-10.49.21:961][  0]LogUdpMessaging: Initializing bridge on interface 0.0.0.0:0 to multicast group 230.0.0.1:6666.
[2022.01.27-10.49.26:585][  0]LogOpenImageDenoise: OIDN starting up
[2022.01.27-10.49.27:167][  0]LogAndroidPermission: UAndroidPermissionCallbackProxy::GetInstance
[2022.01.27-10.49.27:531][  0]LogAudioCaptureCore: Display: No Audio Capture implementations found. Audio input will be silent.
[2022.01.27-10.49.27:531][  0]LogAudioCaptureCore: Display: No Audio Capture implementations found. Audio input will be silent.
[2022.01.27-10.49.28:215][  0]SourceControl: Source control is disabled
[2022.01.27-10.49.28:236][  0]SourceControl: Source control is disabled
[2022.01.27-10.49.28:383][  0]SourceControl: Source control is disabled
[2022.01.27-10.49.28:417][  0]SourceControl: Source control is disabled
[2022.01.27-10.49.28:469][  0]SourceControl: Source control is disabled
[2022.01.27-10.49.28:505][  0]LogUProjectInfo: Found projects:
[2022.01.27-10.49.28:686][  0]LogCollectionManager: Loaded 0 collections in 0.010480 seconds
[2022.01.27-10.49.29:517][  0]LogFileCache: Scanning file cache for directory 'G:/UNREAL_project/StreamCertifUnreal/Zazel_bomberman/Saved/Collections/' took 0.00s
[2022.01.27-10.49.29:517][  0]LogFileCache: Scanning file cache for directory 'G:/UNREAL_project/StreamCertifUnreal/Zazel_bomberman/Content/Developers/prude/Collections/' took 0.00s
[2022.01.27-10.49.29:517][  0]LogFileCache: Scanning file cache for directory 'G:/UNREAL_project/StreamCertifUnreal/Zazel_bomberman/Content/Collections/' took 0.00s
[2022.01.27-10.49.30:647][  0]LogEngine: Initializing Engine...
[2022.01.27-10.49.30:831][  0]LogStats: UGameplayTagsManager::InitializeManager -  0.002 s
[2022.01.27-10.49.32:197][  0]LogInit: Initializing FReadOnlyCVARCache
[2022.01.27-10.49.33:232][  0]LogAIModule: Creating AISystem for world Untitled
[2022.01.27-10.49.33:459][  0]LogAudio: Display: Initializing Audio Device Manager...
[2022.01.27-10.49.33:493][  0]LogAudio: Display: Loading Default Audio Settings Objects...
[2022.01.27-10.49.33:520][  0]LogAudio: Display: No default SoundConcurrencyObject specified (or failed to load).
[2022.01.27-10.49.33:554][  0]LogAudio: Display: Audio Device Manager Initialized
[2022.01.27-10.49.33:554][  0]LogAudio: Display: Creating Audio Device:                 Id: 1, Scope: Shared, Realtime: True
[2022.01.27-10.49.33:588][  0]LogAudioMixer: Display: Audio Mixer Platform Settings:
[2022.01.27-10.49.33:588][  0]LogAudioMixer: Display: 	Sample Rate:						  48000
[2022.01.27-10.49.33:588][  0]LogAudioMixer: Display: 	Callback Buffer Frame Size Requested: 1024
[2022.01.27-10.49.33:588][  0]LogAudioMixer: Display: 	Callback Buffer Frame Size To Use:	  1024
[2022.01.27-10.49.33:588][  0]LogAudioMixer: Display: 	Number of buffers to queue:			  2
[2022.01.27-10.49.33:588][  0]LogAudioMixer: Display: 	Max Channels (voices):				  32
[2022.01.27-10.49.33:588][  0]LogAudioMixer: Display: 	Number of Async Source Workers:		  0
[2022.01.27-10.49.33:588][  0]LogAudio: Display: AudioDevice MaxSources: 32
[2022.01.27-10.49.33:620][  0]LogAudio: Display: Audio Spatialization Plugin: None (built-in).
[2022.01.27-10.49.33:620][  0]LogAudio: Display: Audio Reverb Plugin: None (built-in).
[2022.01.27-10.49.33:620][  0]LogAudio: Display: Audio Occlusion Plugin: None (built-in).
[2022.01.27-10.49.33:620][  0]LogAudioMixer: Display: Initializing audio mixer.
[2022.01.27-10.49.33:789][  0]LogAudioMixer: Display: 0: FrontLeft
[2022.01.27-10.49.33:789][  0]LogAudioMixer: Display: 1: FrontRight
[2022.01.27-10.49.33:816][  0]LogAudioMixer: Display: Using Audio Device Casque (7- Arctis 7 Game)
[2022.01.27-10.49.33:832][  0]LogAudioMixer: Display: Initializing Sound Submixes...
[2022.01.27-10.49.33:906][  0]LogAudioMixer: Display: Creating Master Submix 'MasterSubmixDefault'
[2022.01.27-10.49.33:907][  0]LogAudioMixer: Display: Creating Master Submix 'MasterReverbSubmixDefault'
[2022.01.27-10.49.33:909][  0]LogAudioMixer: Display: Creating Master Submix 'MasterEQSubmixDefault'
[2022.01.27-10.49.33:910][  0]LogAudioMixer: FMixerPlatformXAudio2::StartAudioStream() called
[2022.01.27-10.49.33:910][  0]LogAudioMixer: Display: Output buffers initialized: Frames=1024, Channels=2, Samples=2048
[2022.01.27-10.49.33:911][  0]LogAudioMixer: Display: Starting AudioMixerPlatformInterface::RunInternal()
[2022.01.27-10.49.33:911][  0]LogAudioMixer: Display: FMixerPlatformXAudio2::SubmitBuffer() called for the first time
[2022.01.27-10.49.33:911][  0]LogInit: FAudioDevice initialized.
[2022.01.27-10.49.33:912][  0]LogAudio: Display: Audio Device (ID: 1) registered with world 'Untitled'.
[2022.01.27-10.49.33:912][  0]LogNetVersion: Set ProjectVersion to 1.0.0.0. Version Checksum will be recalculated on next use.
[2022.01.27-10.49.33:982][  0]LogDerivedDataCache: Saved boot cache 0.07s 77MB C:/Users/prude/AppData/Local/UnrealEngine/4.27/DerivedDataCache/Boot.ddc.
[2022.01.27-10.49.33:982][  0]LogInit: Texture streaming: Enabled
[2022.01.27-10.49.34:253][  0]LogAnalytics: Display: [UEEditor.Rocket.Release] APIServer = https://datarouter.ol.epicgames.com/. AppVersion = 4.27.1-17735300+++UE4+Release-4.27
[2022.01.27-10.49.34:340][  0]LogEngineSessionManager: EngineSessionManager initialized
[2022.01.27-10.49.34:340][  0]LogEditorSessionSummary: Verbose: Initializing EditorSessionSummaryWriter for editor session tracking
[2022.01.27-10.49.34:361][  0]LogEditorSessionSummary: EditorSessionSummaryWriter initialized
[2022.01.27-10.49.34:918][  0]LogInit: Transaction tracking system initialized
[2022.01.27-10.49.35:507][  0]BlueprintLog: New page: Editor Load
[2022.01.27-10.49.37:315][  0]LocalizationService: Localization service is disabled
[2022.01.27-10.49.38:151][  0]TimingProfiler: Initialize
[2022.01.27-10.49.38:170][  0]TimingProfiler: OnSessionChanged
[2022.01.27-10.49.38:170][  0]LoadingProfiler: Initialize
[2022.01.27-10.49.38:171][  0]LoadingProfiler: OnSessionChanged
[2022.01.27-10.49.38:171][  0]NetworkingProfiler: Initialize
[2022.01.27-10.49.38:180][  0]NetworkingProfiler: OnSessionChanged
[2022.01.27-10.49.38:180][  0]MemoryProfiler: Initialize
[2022.01.27-10.49.38:180][  0]MemoryProfiler: OnSessionChanged
[2022.01.27-10.49.42:711][  0]LogFileCache: Scanning file cache for directory 'G:/UNREAL_project/StreamCertifUnreal/Zazel_bomberman/Content/' took 0.01s
[2022.01.27-10.49.42:711][  0]LogCook: Display: CookSettings for Memory: MemoryMaxUsedVirtual 0MiB, MemoryMaxUsedPhysical 16384MiB, MemoryMinFreeVirtual 0MiB, MemoryMinFreePhysical 1024MiB
[2022.01.27-10.49.42:711][  0]LogCook: Display: Mobile HDR setting 1
[2022.01.27-10.49.46:713][  0]LogInit: Display: Engine is initialized. Leaving FEngineLoop::Init()
[2022.01.27-10.49.47:065][  0]SourceControl: Source control is disabled
[2022.01.27-10.49.47:065][  0]LogUnrealEdMisc: Loading editor; pre map load, took 179.081
[2022.01.27-10.49.47:134][  0]Cmd: MAP LOAD FILE="G:/UNREAL_project/StreamCertifUnreal/Zazel_bomberman/Content/Zazel/Map/Map_test.umap" TEMPLATE=0 SHOWPROGRESS=1 FEATURELEVEL=3
[2022.01.27-10.49.47:166][  0]LightingResults: New page: Lighting Build
[2022.01.27-10.49.47:494][  0]LogWorld: UWorld::CleanupWorld for Untitled, bSessionEnded=true, bCleanupResources=true
[2022.01.27-10.49.47:545][  0]LogSlate: InvalidateAllWidgets triggered.  All widgets were invalidated
[2022.01.27-10.49.47:612][  0]MapCheck: New page: Map Check
[2022.01.27-10.49.47:612][  0]LightingResults: New page: Lighting Build
[2022.01.27-10.49.49:199][  0]LogAudio: Display: Audio Device unregistered from world 'None'.
[2022.01.27-10.49.49:489][  0]LogUObjectHash: Compacting FUObjectHashTables data took   0.59ms
[2022.01.27-10.49.52:133][  0]LogAudio: Display: Audio Device (ID: 1) registered with world 'Map_test'.
[2022.01.27-10.49.52:169][  0]LogAIModule: Creating AISystem for world Map_test
[2022.01.27-10.49.52:966][  0]LogEditorServer: Finished looking for orphan Actors (0.000 secs)
[2022.01.27-10.49.53:092][  0]LogUObjectHash: Compacting FUObjectHashTables data took   0.72ms
[2022.01.27-10.49.53:183][  0]Cmd: MAP CHECKDEP NOCLEARLOG
[2022.01.27-10.49.53:202][  0]MapCheck: Map check complete: 0 Error(s), 0 Warning(s), took 19,451ms to complete.
[2022.01.27-10.49.53:203][  0]LogFileHelpers: Loading map 'Map_test' took 6.087
[2022.01.27-10.49.54:557][  0]LogUnrealEdMisc: Total Editor Startup Time, took 186.573
[2022.01.27-10.49.55:571][  0]LogSlate: Updating window title bar state: overlay mode, drag disabled, window buttons hidden, title bar hidden
[2022.01.27-10.49.55:579][  0]LogSlate: Updating window title bar state: overlay mode, drag disabled, window buttons hidden, title bar hidden
[2022.01.27-10.49.55:585][  0]LogSlate: Updating window title bar state: overlay mode, drag disabled, window buttons hidden, title bar hidden
[2022.01.27-10.49.55:590][  0]LogSlate: Updating window title bar state: overlay mode, drag disabled, window buttons hidden, title bar hidden
[2022.01.27-10.49.56:131][  0]LogNativeClassHierarchy: Verbose: Native class hierarchy populated in 0.0077 seconds. Added 3678 classes and 832 folders.
[2022.01.27-10.49.56:322][  0]LogNativeClassHierarchy: Verbose: Native class hierarchy updated for 'WidgetCarousel' in 0.0003 seconds. Added 0 classes and 0 folders.
[2022.01.27-10.49.56:679][  0]LogPakFile: PakFile PrimaryIndexSize=187
[2022.01.27-10.49.56:679][  0]LogPakFile: PakFile PathHashIndexSize=101
[2022.01.27-10.49.56:679][  0]LogPakFile: PakFile FullDirectoryIndexSize=148
[2022.01.27-10.49.56:679][  0]LogShaderLibrary: Display: ShaderCodeLibraryPakFileMountedCallback: PakFile 'D:/unrealEngine/UE_4.27/FeaturePacks/FP_FirstPerson.upack' (chunk index -1, root 'root:/') mounted
[2022.01.27-10.49.56:679][  0]LogShaderLibrary: Display: ShaderCodeLibraryPakFileMountedCallback: pending pak file info (ChunkID:-1 Root:root:/ File:D:/unrealEngine/UE_4.27/FeaturePacks/FP_FirstPerson.upack)
[2022.01.27-10.49.56:679][  0]LogPakFile: OnPakFileMounted2Time == 0.000058
[2022.01.27-10.49.56:736][  0]LogPakFile: PakFile PrimaryIndexSize=189
[2022.01.27-10.49.56:736][  0]LogPakFile: PakFile PathHashIndexSize=101
[2022.01.27-10.49.56:736][  0]LogPakFile: PakFile FullDirectoryIndexSize=152
[2022.01.27-10.49.56:736][  0]LogShaderLibrary: Display: ShaderCodeLibraryPakFileMountedCallback: PakFile 'D:/unrealEngine/UE_4.27/FeaturePacks/FP_FirstPersonBP.upack' (chunk index -1, root 'root:/') mounted
[2022.01.27-10.49.56:736][  0]LogShaderLibrary: Display: ShaderCodeLibraryPakFileMountedCallback: pending pak file info (ChunkID:-1 Root:root:/ File:D:/unrealEngine/UE_4.27/FeaturePacks/FP_FirstPersonBP.upack)
[2022.01.27-10.49.56:736][  0]LogPakFile: OnPakFileMounted2Time == 0.000048
[2022.01.27-10.49.56:785][  0]LogPakFile: PakFile PrimaryIndexSize=191
[2022.01.27-10.49.56:785][  0]LogPakFile: PakFile PathHashIndexSize=101
[2022.01.27-10.49.56:785][  0]LogPakFile: PakFile FullDirectoryIndexSize=160
[2022.01.27-10.49.56:785][  0]LogShaderLibrary: Display: ShaderCodeLibraryPakFileMountedCallback: PakFile 'D:/unrealEngine/UE_4.27/FeaturePacks/MobileStarterContent.upack' (chunk index -1, root 'root:/') mounted
[2022.01.27-10.49.56:785][  0]LogShaderLibrary: Display: ShaderCodeLibraryPakFileMountedCallback: pending pak file info (ChunkID:-1 Root:root:/ File:D:/unrealEngine/UE_4.27/FeaturePacks/MobileStarterContent.upack)
[2022.01.27-10.49.56:785][  0]LogPakFile: OnPakFileMounted2Time == 0.000040
[2022.01.27-10.49.56:787][  0]LogPakFile: PakFile PrimaryIndexSize=185
[2022.01.27-10.49.56:787][  0]LogPakFile: PakFile PathHashIndexSize=101
[2022.01.27-10.49.56:787][  0]LogPakFile: PakFile FullDirectoryIndexSize=148
[2022.01.27-10.49.56:787][  0]LogShaderLibrary: Display: ShaderCodeLibraryPakFileMountedCallback: PakFile 'D:/unrealEngine/UE_4.27/FeaturePacks/StarterContent.upack' (chunk index -1, root 'root:/') mounted
[2022.01.27-10.49.56:787][  0]LogShaderLibrary: Display: ShaderCodeLibraryPakFileMountedCallback: pending pak file info (ChunkID:-1 Root:root:/ File:D:/unrealEngine/UE_4.27/FeaturePacks/StarterContent.upack)
[2022.01.27-10.49.56:787][  0]LogPakFile: OnPakFileMounted2Time == 0.000034
[2022.01.27-10.49.56:805][  0]LogPakFile: PakFile PrimaryIndexSize=190
[2022.01.27-10.49.56:806][  0]LogPakFile: PakFile PathHashIndexSize=101
[2022.01.27-10.49.56:806][  0]LogPakFile: PakFile FullDirectoryIndexSize=154
[2022.01.27-10.49.56:806][  0]LogShaderLibrary: Display: ShaderCodeLibraryPakFileMountedCallback: PakFile 'D:/unrealEngine/UE_4.27/FeaturePacks/TP_2DSideScroller.upack' (chunk index -1, root 'root:/') mounted
[2022.01.27-10.49.56:806][  0]LogShaderLibrary: Display: ShaderCodeLibraryPakFileMountedCallback: pending pak file info (ChunkID:-1 Root:root:/ File:D:/unrealEngine/UE_4.27/FeaturePacks/TP_2DSideScroller.upack)
[2022.01.27-10.49.56:806][  0]LogPakFile: OnPakFileMounted2Time == 0.000041
[2022.01.27-10.49.56:819][  0]LogPakFile: PakFile PrimaryIndexSize=192
[2022.01.27-10.49.56:819][  0]LogPakFile: PakFile PathHashIndexSize=101
[2022.01.27-10.49.56:819][  0]LogPakFile: PakFile FullDirectoryIndexSize=158
[2022.01.27-10.49.56:819][  0]LogShaderLibrary: Display: ShaderCodeLibraryPakFileMountedCallback: PakFile 'D:/unrealEngine/UE_4.27/FeaturePacks/TP_2DSideScrollerBP.upack' (chunk index -1, root 'root:/') mounted
[2022.01.27-10.49.56:819][  0]LogShaderLibrary: Display: ShaderCodeLibraryPakFileMountedCallback: pending pak file info (ChunkID:-1 Root:root:/ File:D:/unrealEngine/UE_4.27/FeaturePacks/TP_2DSideScrollerBP.upack)
[2022.01.27-10.49.56:819][  0]LogPakFile: OnPakFileMounted2Time == 0.000040
[2022.01.27-10.49.56:844][  0]LogPakFile: PakFile PrimaryIndexSize=182
[2022.01.27-10.49.56:844][  0]LogPakFile: PakFile PathHashIndexSize=101
[2022.01.27-10.49.56:844][  0]LogPakFile: PakFile FullDirectoryIndexSize=138
[2022.01.27-10.49.56:844][  0]LogShaderLibrary: Display: ShaderCodeLibraryPakFileMountedCallback: PakFile 'D:/unrealEngine/UE_4.27/FeaturePacks/TP_Flying.upack' (chunk index -1, root 'root:/') mounted
[2022.01.27-10.49.56:844][  0]LogShaderLibrary: Display: ShaderCodeLibraryPakFileMountedCallback: pending pak file info (ChunkID:-1 Root:root:/ File:D:/unrealEngine/UE_4.27/FeaturePacks/TP_Flying.upack)
[2022.01.27-10.49.56:844][  0]LogPakFile: OnPakFileMounted2Time == 0.000059
[2022.01.27-10.49.56:890][  0]LogPakFile: PakFile PrimaryIndexSize=184
[2022.01.27-10.49.56:890][  0]LogPakFile: PakFile PathHashIndexSize=101
[2022.01.27-10.49.56:890][  0]LogPakFile: PakFile FullDirectoryIndexSize=142
[2022.01.27-10.49.56:890][  0]LogShaderLibrary: Display: ShaderCodeLibraryPakFileMountedCallback: PakFile 'D:/unrealEngine/UE_4.27/FeaturePacks/TP_FlyingBP.upack' (chunk index -1, root 'root:/') mounted
[2022.01.27-10.49.56:890][  0]LogShaderLibrary: Display: ShaderCodeLibraryPakFileMountedCallback: pending pak file info (ChunkID:-1 Root:root:/ File:D:/unrealEngine/UE_4.27/FeaturePacks/TP_FlyingBP.upack)
[2022.01.27-10.49.56:890][  0]LogPakFile: OnPakFileMounted2Time == 0.000040
[2022.01.27-10.49.56:957][  0]LogPakFile: PakFile PrimaryIndexSize=188
[2022.01.27-10.49.56:957][  0]LogPakFile: PakFile PathHashIndexSize=101
[2022.01.27-10.49.56:957][  0]LogPakFile: PakFile FullDirectoryIndexSize=150
[2022.01.27-10.49.56:957][  0]LogShaderLibrary: Display: ShaderCodeLibraryPakFileMountedCallback: PakFile 'D:/unrealEngine/UE_4.27/FeaturePacks/TP_HandheldARBP.upack' (chunk index -1, root 'root:/') mounted
[2022.01.27-10.49.56:957][  0]LogShaderLibrary: Display: ShaderCodeLibraryPakFileMountedCallback: pending pak file info (ChunkID:-1 Root:root:/ File:D:/unrealEngine/UE_4.27/FeaturePacks/TP_HandheldARBP.upack)
[2022.01.27-10.49.56:957][  0]LogPakFile: OnPakFileMounted2Time == 0.000043
[2022.01.27-10.49.56:984][  0]LogPakFile: PakFile PrimaryIndexSize=182
[2022.01.27-10.49.56:984][  0]LogPakFile: PakFile PathHashIndexSize=101
[2022.01.27-10.49.56:984][  0]LogPakFile: PakFile FullDirectoryIndexSize=138
[2022.01.27-10.49.56:984][  0]LogShaderLibrary: Display: ShaderCodeLibraryPakFileMountedCallback: PakFile 'D:/unrealEngine/UE_4.27/FeaturePacks/TP_Puzzle.upack' (chunk index -1, root 'root:/') mounted
[2022.01.27-10.49.56:984][  0]LogShaderLibrary: Display: ShaderCodeLibraryPakFileMountedCallback: pending pak file info (ChunkID:-1 Root:root:/ File:D:/unrealEngine/UE_4.27/FeaturePacks/TP_Puzzle.upack)
[2022.01.27-10.49.56:984][  0]LogPakFile: OnPakFileMounted2Time == 0.000039
[2022.01.27-10.49.57:007][  0]LogPakFile: PakFile PrimaryIndexSize=184
[2022.01.27-10.49.57:007][  0]LogPakFile: PakFile PathHashIndexSize=101
[2022.01.27-10.49.57:007][  0]LogPakFile: PakFile FullDirectoryIndexSize=142
[2022.01.27-10.49.57:007][  0]LogShaderLibrary: Display: ShaderCodeLibraryPakFileMountedCallback: PakFile 'D:/unrealEngine/UE_4.27/FeaturePacks/TP_PuzzleBP.upack' (chunk index -1, root 'root:/') mounted
[2022.01.27-10.49.57:007][  0]LogShaderLibrary: Display: ShaderCodeLibraryPakFileMountedCallback: pending pak file info (ChunkID:-1 Root:root:/ File:D:/unrealEngine/UE_4.27/FeaturePacks/TP_PuzzleBP.upack)
[2022.01.27-10.49.57:007][  0]LogPakFile: OnPakFileMounted2Time == 0.000039
[2022.01.27-10.49.57:017][  0]LogPakFile: PakFile PrimaryIndexSize=183
[2022.01.27-10.49.57:017][  0]LogPakFile: PakFile PathHashIndexSize=101
[2022.01.27-10.49.57:017][  0]LogPakFile: PakFile FullDirectoryIndexSize=140
[2022.01.27-10.49.57:017][  0]LogShaderLibrary: Display: ShaderCodeLibraryPakFileMountedCallback: PakFile 'D:/unrealEngine/UE_4.27/FeaturePacks/TP_Rolling.upack' (chunk index -1, root 'root:/') mounted
[2022.01.27-10.49.57:017][  0]LogShaderLibrary: Display: ShaderCodeLibraryPakFileMountedCallback: pending pak file info (ChunkID:-1 Root:root:/ File:D:/unrealEngine/UE_4.27/FeaturePacks/TP_Rolling.upack)
[2022.01.27-10.49.57:017][  0]LogPakFile: OnPakFileMounted2Time == 0.000042
[2022.01.27-10.49.57:043][  0]LogPakFile: PakFile PrimaryIndexSize=185
[2022.01.27-10.49.57:043][  0]LogPakFile: PakFile PathHashIndexSize=101
[2022.01.27-10.49.57:043][  0]LogPakFile: PakFile FullDirectoryIndexSize=144
[2022.01.27-10.49.57:043][  0]LogShaderLibrary: Display: ShaderCodeLibraryPakFileMountedCallback: PakFile 'D:/unrealEngine/UE_4.27/FeaturePacks/TP_RollingBP.upack' (chunk index -1, root 'root:/') mounted
[2022.01.27-10.49.57:043][  0]LogShaderLibrary: Display: ShaderCodeLibraryPakFileMountedCallback: pending pak file info (ChunkID:-1 Root:root:/ File:D:/unrealEngine/UE_4.27/FeaturePacks/TP_RollingBP.upack)
[2022.01.27-10.49.57:043][  0]LogPakFile: OnPakFileMounted2Time == 0.000038
[2022.01.27-10.49.57:051][  0]LogPakFile: PakFile PrimaryIndexSize=188
[2022.01.27-10.49.57:051][  0]LogPakFile: PakFile PathHashIndexSize=101
[2022.01.27-10.49.57:051][  0]LogPakFile: PakFile FullDirectoryIndexSize=150
[2022.01.27-10.49.57:051][  0]LogShaderLibrary: Display: ShaderCodeLibraryPakFileMountedCallback: PakFile 'D:/unrealEngine/UE_4.27/FeaturePacks/TP_SideScroller.upack' (chunk index -1, root 'root:/') mounted
[2022.01.27-10.49.57:051][  0]LogShaderLibrary: Display: ShaderCodeLibraryPakFileMountedCallback: pending pak file info (ChunkID:-1 Root:root:/ File:D:/unrealEngine/UE_4.27/FeaturePacks/TP_SideScroller.upack)
[2022.01.27-10.49.57:051][  0]LogPakFile: OnPakFileMounted2Time == 0.000043
[2022.01.27-10.49.57:064][  0]LogPakFile: PakFile PrimaryIndexSize=190
[2022.01.27-10.49.57:064][  0]LogPakFile: PakFile PathHashIndexSize=101
[2022.01.27-10.49.57:064][  0]LogPakFile: PakFile FullDirectoryIndexSize=154
[2022.01.27-10.49.57:064][  0]LogShaderLibrary: Display: ShaderCodeLibraryPakFileMountedCallback: PakFile 'D:/unrealEngine/UE_4.27/FeaturePacks/TP_SideScrollerBP.upack' (chunk index -1, root 'root:/') mounted
[2022.01.27-10.49.57:064][  0]LogShaderLibrary: Display: ShaderCodeLibraryPakFileMountedCallback: pending pak file info (ChunkID:-1 Root:root:/ File:D:/unrealEngine/UE_4.27/FeaturePacks/TP_SideScrollerBP.upack)
[2022.01.27-10.49.57:064][  0]LogPakFile: OnPakFileMounted2Time == 0.000040
[2022.01.27-10.49.57:076][  0]LogPakFile: PakFile PrimaryIndexSize=187
[2022.01.27-10.49.57:076][  0]LogPakFile: PakFile PathHashIndexSize=101
[2022.01.27-10.49.57:076][  0]LogPakFile: PakFile FullDirectoryIndexSize=148
[2022.01.27-10.49.57:076][  0]LogShaderLibrary: Display: ShaderCodeLibraryPakFileMountedCallback: PakFile 'D:/unrealEngine/UE_4.27/FeaturePacks/TP_ThirdPerson.upack' (chunk index -1, root 'root:/') mounted
[2022.01.27-10.49.57:076][  0]LogShaderLibrary: Display: ShaderCodeLibraryPakFileMountedCallback: pending pak file info (ChunkID:-1 Root:root:/ File:D:/unrealEngine/UE_4.27/FeaturePacks/TP_ThirdPerson.upack)
[2022.01.27-10.49.57:076][  0]LogPakFile: OnPakFileMounted2Time == 0.000040
[2022.01.27-10.49.57:101][  0]LogPakFile: PakFile PrimaryIndexSize=189
[2022.01.27-10.49.57:101][  0]LogPakFile: PakFile PathHashIndexSize=101
[2022.01.27-10.49.57:101][  0]LogPakFile: PakFile FullDirectoryIndexSize=152
[2022.01.27-10.49.57:101][  0]LogShaderLibrary: Display: ShaderCodeLibraryPakFileMountedCallback: PakFile 'D:/unrealEngine/UE_4.27/FeaturePacks/TP_ThirdPersonBP.upack' (chunk index -1, root 'root:/') mounted
[2022.01.27-10.49.57:101][  0]LogShaderLibrary: Display: ShaderCodeLibraryPakFileMountedCallback: pending pak file info (ChunkID:-1 Root:root:/ File:D:/unrealEngine/UE_4.27/FeaturePacks/TP_ThirdPersonBP.upack)
[2022.01.27-10.49.57:101][  0]LogPakFile: OnPakFileMounted2Time == 0.000044
[2022.01.27-10.49.57:120][  0]LogPakFile: PakFile PrimaryIndexSize=183
[2022.01.27-10.49.57:120][  0]LogPakFile: PakFile PathHashIndexSize=101
[2022.01.27-10.49.57:120][  0]LogPakFile: PakFile FullDirectoryIndexSize=140
[2022.01.27-10.49.57:120][  0]LogShaderLibrary: Display: ShaderCodeLibraryPakFileMountedCallback: PakFile 'D:/unrealEngine/UE_4.27/FeaturePacks/TP_TopDown.upack' (chunk index -1, root 'root:/') mounted
[2022.01.27-10.49.57:120][  0]LogShaderLibrary: Display: ShaderCodeLibraryPakFileMountedCallback: pending pak file info (ChunkID:-1 Root:root:/ File:D:/unrealEngine/UE_4.27/FeaturePacks/TP_TopDown.upack)
[2022.01.27-10.49.57:120][  0]LogPakFile: OnPakFileMounted2Time == 0.000047
[2022.01.27-10.49.57:137][  0]LogPakFile: PakFile PrimaryIndexSize=185
[2022.01.27-10.49.57:137][  0]LogPakFile: PakFile PathHashIndexSize=101
[2022.01.27-10.49.57:137][  0]LogPakFile: PakFile FullDirectoryIndexSize=144
[2022.01.27-10.49.57:137][  0]LogShaderLibrary: Display: ShaderCodeLibraryPakFileMountedCallback: PakFile 'D:/unrealEngine/UE_4.27/FeaturePacks/TP_TopDownBP.upack' (chunk index -1, root 'root:/') mounted
[2022.01.27-10.49.57:137][  0]LogShaderLibrary: Display: ShaderCodeLibraryPakFileMountedCallback: pending pak file info (ChunkID:-1 Root:root:/ File:D:/unrealEngine/UE_4.27/FeaturePacks/TP_TopDownBP.upack)
[2022.01.27-10.49.57:137][  0]LogPakFile: OnPakFileMounted2Time == 0.000039
[2022.01.27-10.49.57:157][  0]LogPakFile: PakFile PrimaryIndexSize=185
[2022.01.27-10.49.57:157][  0]LogPakFile: PakFile PathHashIndexSize=101
[2022.01.27-10.49.57:157][  0]LogPakFile: PakFile FullDirectoryIndexSize=144
[2022.01.27-10.49.57:157][  0]LogShaderLibrary: Display: ShaderCodeLibraryPakFileMountedCallback: PakFile 'D:/unrealEngine/UE_4.27/FeaturePacks/TP_TwinStick.upack' (chunk index -1, root 'root:/') mounted
[2022.01.27-10.49.57:157][  0]LogShaderLibrary: Display: ShaderCodeLibraryPakFileMountedCallback: pending pak file info (ChunkID:-1 Root:root:/ File:D:/unrealEngine/UE_4.27/FeaturePacks/TP_TwinStick.upack)
[2022.01.27-10.49.57:157][  0]LogPakFile: OnPakFileMounted2Time == 0.000040
[2022.01.27-10.49.57:183][  0]LogPakFile: PakFile PrimaryIndexSize=187
[2022.01.27-10.49.57:183][  0]LogPakFile: PakFile PathHashIndexSize=101
[2022.01.27-10.49.57:183][  0]LogPakFile: PakFile FullDirectoryIndexSize=148
[2022.01.27-10.49.57:183][  0]LogShaderLibrary: Display: ShaderCodeLibraryPakFileMountedCallback: PakFile 'D:/unrealEngine/UE_4.27/FeaturePacks/TP_TwinStickBP.upack' (chunk index -1, root 'root:/') mounted
[2022.01.27-10.49.57:183][  0]LogShaderLibrary: Display: ShaderCodeLibraryPakFileMountedCallback: pending pak file info (ChunkID:-1 Root:root:/ File:D:/unrealEngine/UE_4.27/FeaturePacks/TP_TwinStickBP.upack)
[2022.01.27-10.49.57:183][  0]LogPakFile: OnPakFileMounted2Time == 0.000040
[2022.01.27-10.49.57:189][  0]LogPakFile: PakFile PrimaryIndexSize=183
[2022.01.27-10.49.57:189][  0]LogPakFile: PakFile PathHashIndexSize=101
[2022.01.27-10.49.57:189][  0]LogPakFile: PakFile FullDirectoryIndexSize=140
[2022.01.27-10.49.57:189][  0]LogShaderLibrary: Display: ShaderCodeLibraryPakFileMountedCallback: PakFile 'D:/unrealEngine/UE_4.27/FeaturePacks/TP_Vehicle.upack' (chunk index -1, root 'root:/') mounted
[2022.01.27-10.49.57:189][  0]LogShaderLibrary: Display: ShaderCodeLibraryPakFileMountedCallback: pending pak file info (ChunkID:-1 Root:root:/ File:D:/unrealEngine/UE_4.27/FeaturePacks/TP_Vehicle.upack)
[2022.01.27-10.49.57:189][  0]LogPakFile: OnPakFileMounted2Time == 0.000042
[2022.01.27-10.49.57:215][  0]LogPakFile: PakFile PrimaryIndexSize=186
[2022.01.27-10.49.57:216][  0]LogPakFile: PakFile PathHashIndexSize=101
[2022.01.27-10.49.57:216][  0]LogPakFile: PakFile FullDirectoryIndexSize=146
[2022.01.27-10.49.57:216][  0]LogShaderLibrary: Display: ShaderCodeLibraryPakFileMountedCallback: PakFile 'D:/unrealEngine/UE_4.27/FeaturePacks/TP_VehicleAdv.upack' (chunk index -1, root 'root:/') mounted
[2022.01.27-10.49.57:216][  0]LogShaderLibrary: Display: ShaderCodeLibraryPakFileMountedCallback: pending pak file info (ChunkID:-1 Root:root:/ File:D:/unrealEngine/UE_4.27/FeaturePacks/TP_VehicleAdv.upack)
[2022.01.27-10.49.57:216][  0]LogPakFile: OnPakFileMounted2Time == 0.000040
[2022.01.27-10.49.57:239][  0]LogPakFile: PakFile PrimaryIndexSize=188
[2022.01.27-10.49.57:239][  0]LogPakFile: PakFile PathHashIndexSize=101
[2022.01.27-10.49.57:239][  0]LogPakFile: PakFile FullDirectoryIndexSize=150
[2022.01.27-10.49.57:239][  0]LogShaderLibrary: Display: ShaderCodeLibraryPakFileMountedCallback: PakFile 'D:/unrealEngine/UE_4.27/FeaturePacks/TP_VehicleAdvBP.upack' (chunk index -1, root 'root:/') mounted
[2022.01.27-10.49.57:239][  0]LogShaderLibrary: Display: ShaderCodeLibraryPakFileMountedCallback: pending pak file info (ChunkID:-1 Root:root:/ File:D:/unrealEngine/UE_4.27/FeaturePacks/TP_VehicleAdvBP.upack)
[2022.01.27-10.49.57:240][  0]LogPakFile: OnPakFileMounted2Time == 0.000048
[2022.01.27-10.49.57:266][  0]LogPakFile: PakFile PrimaryIndexSize=185
[2022.01.27-10.49.57:266][  0]LogPakFile: PakFile PathHashIndexSize=101
[2022.01.27-10.49.57:266][  0]LogPakFile: PakFile FullDirectoryIndexSize=144
[2022.01.27-10.49.57:267][  0]LogShaderLibrary: Display: ShaderCodeLibraryPakFileMountedCallback: PakFile 'D:/unrealEngine/UE_4.27/FeaturePacks/TP_VehicleBP.upack' (chunk index -1, root 'root:/') mounted
[2022.01.27-10.49.57:267][  0]LogShaderLibrary: Display: ShaderCodeLibraryPakFileMountedCallback: pending pak file info (ChunkID:-1 Root:root:/ File:D:/unrealEngine/UE_4.27/FeaturePacks/TP_VehicleBP.upack)
[2022.01.27-10.49.57:267][  0]LogPakFile: OnPakFileMounted2Time == 0.000048
[2022.01.27-10.49.57:287][  0]LogPakFile: PakFile PrimaryIndexSize=192
[2022.01.27-10.49.57:287][  0]LogPakFile: PakFile PathHashIndexSize=101
[2022.01.27-10.49.57:287][  0]LogPakFile: PakFile FullDirectoryIndexSize=158
[2022.01.27-10.49.57:287][  0]LogShaderLibrary: Display: ShaderCodeLibraryPakFileMountedCallback: PakFile 'D:/unrealEngine/UE_4.27/FeaturePacks/TP_VirtualRealityBP.upack' (chunk index -1, root 'root:/') mounted
[2022.01.27-10.49.57:287][  0]LogShaderLibrary: Display: ShaderCodeLibraryPakFileMountedCallback: pending pak file info (ChunkID:-1 Root:root:/ File:D:/unrealEngine/UE_4.27/FeaturePacks/TP_VirtualRealityBP.upack)
[2022.01.27-10.49.57:287][  0]LogPakFile: OnPakFileMounted2Time == 0.000040
[2022.01.27-10.49.58:453][  0]LogNativeClassHierarchy: Verbose: Native class hierarchy updated for 'AddContentDialog' in 0.0002 seconds. Added 0 classes and 0 folders.
[2022.01.27-10.49.58:535][  0]LogNativeClassHierarchy: Verbose: Native class hierarchy updated for 'SceneOutliner' in 0.0003 seconds. Added 2 classes and 0 folders.
[2022.01.27-10.50.00:094][  0]LogSlate: Took 0.082283 seconds to synchronously load lazily loaded font '../../../Engine/Content/Slate/Fonts/Roboto-Regular.ttf' (155K)
[2022.01.27-10.50.00:166][  0]LogSlate: Took 0.033335 seconds to synchronously load lazily loaded font '../../../Engine/Content/Editor/Slate/Fonts/FontAwesome.ttf' (139K)
[2022.01.27-10.50.00:217][  0]LogSlate: Took 0.049606 seconds to synchronously load lazily loaded font '../../../Engine/Content/Slate/Fonts/Roboto-Bold.ttf' (160K)
[2022.01.27-10.50.00:728][  0]LogRenderer: Reallocating scene render targets to support 2216x808 Format 10 NumSamples 1 (Frame:1).
[2022.01.27-10.50.01:685][  0]LogNativeClassHierarchy: Verbose: Native class hierarchy updated for 'HierarchicalLODOutliner' in 0.0003 seconds. Added 0 classes and 0 folders.
[2022.01.27-10.50.01:686][  0]LogLoad: (Engine Initialization) Total time: 193.70 seconds
[2022.01.27-10.50.01:686][  0]LogLoad: (Engine Initialization) Total Blueprint compile time: 0.00 seconds
[2022.01.27-10.50.01:953][  0]LogAssetRegistry: Asset discovery search completed in 98.0014 seconds
[2022.01.27-10.50.02:140][  0]LogCollectionManager: Fixed up redirectors for 0 collections in 0.000005 seconds (updated 0 objects)
[2022.01.27-10.50.02:181][  0]LogNavigationDirtyArea: Warning: Skipping dirty area creation because of empty bounds (object: InstancedStaticMeshComponent /Game/Zazel/Map/Map_test.Map_test:PersistentLevel.BP_generateBoard_2.emptyBloc)
[2022.01.27-10.50.02:182][  0]LogNavigationDirtyArea: Warning: Skipping dirty area creation because of empty bounds (object: InstancedStaticMeshComponent /Game/Zazel/Map/Map_test.Map_test:PersistentLevel.BP_generateBoard_2.blocStatic)
[2022.01.27-10.50.02:363][  0]LogContentStreaming: Texture pool size now 1000 MB
[2022.01.27-10.50.02:733][  2]LogStaticMesh: Allocated 415x64x64 distance field atlas = 3.2Mb, with 28 objects containing 2.3Mb backing data
[2022.01.27-10.50.03:299][  3]LogSlate: Took 0.028018 seconds to synchronously load lazily loaded font '../../../Engine/Content/Slate/Fonts/Roboto-Light.ttf' (167K)
[2022.01.27-10.50.18:697][224]LogAssetEditorSubsystem: Opening Asset editor for Blueprint /Game/Zazel/BP/BP_generateBoard.BP_generateBoard
[2022.01.27-10.50.20:673][224]LogNativeClassHierarchy: Verbose: Native class hierarchy updated for 'BlueprintGraph' in 0.0005 seconds. Added 126 classes and 0 folders.
[2022.01.27-10.50.22:886][224]LogAssetEditorSubsystem: Opening Asset editor for UserDefinedStruct /Game/Zazel/BP/s_casePosition.s_casePosition
[2022.01.27-10.50.23:169][224]LogAssetEditorSubsystem: Opening Asset editor for UserDefinedEnum /Game/Zazel/BP/e_caseType.e_caseType
[2022.01.27-10.50.23:420][224]LogAssetEditorSubsystem: Opening Asset editor for UserDefinedEnum /Game/Zazel/BP/e_groupeCaseType.e_groupeCaseType
[2022.01.27-10.50.23:469][224]LogAssetEditorSubsystem: Opening Asset editor for UserDefinedStruct /Game/Zazel/BP/s_groupCasePosition.s_groupCasePosition
[2022.01.27-10.50.23:508][224]LogAssetEditorSubsystem: Opening Asset editor for UserDefinedStruct /Game/Zazel/BP/s_prefabBlock.s_prefabBlock
[2022.01.27-10.50.23:551][224]LogAssetEditorSubsystem: Opening Asset editor for UserDefinedStruct /Game/Zazel/BP/s_goupCaseValues.s_goupCaseValues
[2022.01.27-10.50.23:683][224]LogAssetEditorSubsystem: Opening Asset editor for DataTable /Game/Zazel/BP/dt_prefabBlock.dt_prefabBlock
[2022.01.27-10.50.23:884][224]LogAssetEditorSubsystem: Opening Asset editor for Blueprint /Engine/EditorBlueprintResources/StandardMacros.StandardMacros
[2022.01.27-10.50.24:149][224]LogAssetEditorSubsystem: Opening Asset editor for Blueprint /Game/Zazel/BP/obj_tempChunkCasePosition.obj_tempChunkCasePosition
[2022.01.27-10.50.28:513][591]LogSlate: Took 0.036966 seconds to synchronously load lazily loaded font '../../../Engine/Content/Slate/Fonts/Roboto-BoldCondensed.ttf' (158K)
[2022.01.27-10.50.30:489][683]LogSlate: Took 0.018012 seconds to synchronously load lazily loaded font '../../../Engine/Content/Slate/Fonts/Roboto-Italic.ttf' (157K)
[2022.01.27-10.51.24:047][807]LogNavigationDirtyArea: Warning: Skipping dirty area creation because of empty bounds (object: InstancedStaticMeshComponent /Game/Zazel/Map/Map_test.Map_test:PersistentLevel.BP_generateBoard_2.emptyBloc)
[2022.01.27-10.51.24:047][807]LogNavigationDirtyArea: Warning: Skipping dirty area creation because of empty bounds (object: InstancedStaticMeshComponent /Game/Zazel/Map/Map_test.Map_test:PersistentLevel.BP_generateBoard_2.blocStatic)
[2022.01.27-10.51.24:059][807]LogNavigationDirtyArea: Warning: Skipping dirty area creation because of empty bounds (object: None)
[2022.01.27-10.51.24:059][807]LogNavigationDirtyArea: Warning: Skipping dirty area creation because of empty bounds (object: None)
[2022.01.27-10.51.24:059][807]LogNavigationDirtyArea: Warning: Skipping dirty area creation because of empty bounds (object: InstancedStaticMeshComponent /Game/Zazel/Map/Map_test.Map_test:PersistentLevel.BP_generateBoard_2.blocStatic)
[2022.01.27-10.51.24:059][807]LogNavigationDirtyArea: Warning: Skipping dirty area creation because of empty bounds (object: InstancedStaticMeshComponent /Game/Zazel/Map/Map_test.Map_test:PersistentLevel.BP_generateBoard_2.emptyBloc)
[2022.01.27-14.09.24:176][473]LogAudioMixer: Warning: Changing default audio render device to new device: {0.0.0.00000000}.{0e2fa526-22a9-41b5-bf46-41215b1ea2de}.
[2022.01.27-14.09.24:177][473]LogAudioMixer: Resetting audio stream to device id 
[2022.01.27-14.09.24:202][473]LogAudioMixer: Display: 0: FrontLeft
[2022.01.27-14.09.24:202][473]LogAudioMixer: Display: 1: FrontRight
[2022.01.27-15.18.42:758][887]LogAudioMixer: Warning: Changing default audio render device to new device: {0.0.0.00000000}.{d4c755cb-d125-4e4a-b24b-39e5fe26ff67}.
[2022.01.27-15.18.43:094][887]LogAudioMixer: Resetting audio stream to device id 
[2022.01.27-15.18.43:128][887]LogAudioMixer: Display: 0: FrontLeft
[2022.01.27-15.18.43:128][887]LogAudioMixer: Display: 1: FrontRight
[2022.01.27-18.11.28:936][823]LogAudioMixer: Warning: Changing default audio render device to new device: {0.0.0.00000000}.{0e2fa526-22a9-41b5-bf46-41215b1ea2de}.
[2022.01.27-18.11.28:936][823]LogAudioMixer: Resetting audio stream to device id 
[2022.01.27-18.11.29:220][823]LogAudioMixer: Display: 0: FrontLeft
[2022.01.27-18.11.29:220][823]LogAudioMixer: Display: 1: FrontRight
[2022.01.27-18.37.25:395][466]LogAudioMixer: Warning: Changing default audio render device to new device: {0.0.0.00000000}.{d4c755cb-d125-4e4a-b24b-39e5fe26ff67}.
[2022.01.27-18.37.25:395][466]LogAudioMixer: Resetting audio stream to device id 
[2022.01.27-18.37.26:439][466]LogAudioMixer: Display: 0: FrontLeft
[2022.01.27-18.37.26:439][466]LogAudioMixer: Display: 1: FrontRight
[2022.01.27-18.37.26:724][467]LogAudioMixer: Resetting audio stream to device id 
[2022.01.27-18.37.26:828][467]LogAudioMixer: Display: 0: FrontLeft
[2022.01.27-18.37.26:828][467]LogAudioMixer: Display: 1: FrontRight
[2022.01.27-19.32.45:040][318]LogAudioMixer: Warning: Changing default audio render device to new device: {0.0.0.00000000}.{0e2fa526-22a9-41b5-bf46-41215b1ea2de}.
[2022.01.27-19.32.45:040][318]LogAudioMixer: Resetting audio stream to device id 
[2022.01.27-19.32.45:222][318]LogAudioMixer: Display: 0: FrontLeft
[2022.01.27-19.32.45:222][318]LogAudioMixer: Display: 1: FrontRight
[2022.01.27-20.02.06:332][563]LogAudioMixer: Warning: Changing default audio render device to new device: {0.0.0.00000000}.{0e2fa526-22a9-41b5-bf46-41215b1ea2de}.
[2022.01.27-20.02.06:332][563]LogAudioMixer: Resetting audio stream to device id 
[2022.01.27-20.02.06:388][563]LogAudioMixer: Display: 0: FrontLeft
[2022.01.27-20.02.06:388][563]LogAudioMixer: Display: 1: FrontRight
